<?xml version="1.0" encoding="UTF-8"?>
<coverage generated="1785228979615" clover="3.2.0">
  <project timestamp="1785228979615" name="All files">
    <metrics statements="311" coveredstatements="311" conditionals="90" coveredconditionals="85" methods="15" coveredmethods="15" elements="416" coveredelements="411" complexity="0" loc="311" ncloc="311" packages="2" files="3" classes="3"/>
    <package name="logic">
      <metrics statements="188" coveredstatements="188" conditionals="58" coveredconditionals="56" methods="9" coveredmethods="9"/>
      <file name="jobcan-filename.ts" path="/Users/tanakarui/Documents/AI/management/packages/shift-management/src/logic/jobcan-filename.ts">
        <metrics statements="42" coveredstatements="42" conditionals="13" coveredconditionals="13" methods="1" coveredmethods="1"/>
        <line num="1" count="1" type="stmt"/>
        <line num="8" count="1" type="stmt"/>
        <line num="16" count="1" type="stmt"/>
        <line num="19" count="1" type="stmt"/>
        <line num="31" count="1" type="cond" truecount="1" falsecount="0"/>
        <line num="35" count="21" type="stmt"/>
        <line num="36" count="21" type="stmt"/>
        <line num="39" count="21" type="stmt"/>
        <line num="40" count="21" type="cond" truecount="1" falsecount="0"/>
        <line num="41" count="22" type="stmt"/>
        <line num="42" count="22" type="stmt"/>
        <line num="43" count="22" type="stmt"/>
        <line num="44" count="22" type="stmt"/>
        <line num="45" count="21" type="cond" truecount="1" falsecount="0"/>
        <line num="46" count="2" type="stmt"/>
        <line num="47" count="2" type="stmt"/>
        <line num="48" count="2" type="stmt"/>
        <line num="49" count="2" type="cond" truecount="1" falsecount="0"/>
        <line num="50" count="21" type="cond" truecount="1" falsecount="0"/>
        <line num="51" count="2" type="stmt"/>
        <line num="52" count="2" type="cond" truecount="1" falsecount="0"/>
        <line num="53" count="2" type="stmt"/>
        <line num="54" count="2" type="stmt"/>
        <line num="55" count="2" type="stmt"/>
        <line num="56" count="2" type="stmt"/>
        <line num="57" count="2" type="cond" truecount="1" falsecount="0"/>
        <line num="58" count="17" type="stmt"/>
        <line num="59" count="21" type="cond" truecount="2" falsecount="0"/>
        <line num="60" count="2" type="stmt"/>
        <line num="61" count="2" type="stmt"/>
        <line num="62" count="2" type="stmt"/>
        <line num="63" count="2" type="cond" truecount="1" falsecount="0"/>
        <line num="67" count="15" type="stmt"/>
        <line num="68" count="21" type="cond" truecount="1" falsecount="0"/>
        <line num="69" count="17" type="stmt"/>
        <line num="70" count="17" type="cond" truecount="1" falsecount="0"/>
        <line num="71" count="10" type="stmt"/>
        <line num="72" count="10" type="stmt"/>
        <line num="73" count="10" type="stmt"/>
        <line num="74" count="17" type="cond" truecount="1" falsecount="0"/>
        <line num="76" count="15" type="stmt"/>
        <line num="77" count="15" type="stmt"/>
      </file>
      <file name="jobcan-plan.ts" path="/Users/tanakarui/Documents/AI/management/packages/shift-management/src/logic/jobcan-plan.ts">
        <metrics statements="146" coveredstatements="146" conditionals="45" coveredconditionals="43" methods="8" coveredmethods="8"/>
        <line num="2" count="1" type="stmt"/>
        <line num="6" count="1" type="stmt"/>
        <line num="28" count="51" type="cond" truecount="1" falsecount="0"/>
        <line num="29" count="51" type="stmt"/>
        <line num="30" count="51" type="stmt"/>
        <line num="33" count="31" type="cond" truecount="1" falsecount="0"/>
        <line num="34" count="31" type="stmt"/>
        <line num="35" count="31" type="stmt"/>
        <line num="36" count="31" type="stmt"/>
        <line num="37" count="31" type="stmt"/>
        <line num="38" count="31" type="stmt"/>
        <line num="39" count="31" type="stmt"/>
        <line num="40" count="31" type="stmt"/>
        <line num="41" count="31" type="stmt"/>
        <line num="42" count="31" type="stmt"/>
        <line num="43" count="31" type="stmt"/>
        <line num="44" count="31" type="stmt"/>
        <line num="45" count="31" type="stmt"/>
        <line num="46" count="31" type="stmt"/>
        <line num="62" count="32" type="cond" truecount="1" falsecount="0"/>
        <line num="63" count="32" type="stmt"/>
        <line num="64" count="32" type="stmt"/>
        <line num="65" count="32" type="stmt"/>
        <line num="66" count="32" type="stmt"/>
        <line num="67" count="32" type="stmt"/>
        <line num="68" count="32" type="stmt"/>
        <line num="70" count="32" type="cond" truecount="1" falsecount="0"/>
        <line num="71" count="35" type="stmt"/>
        <line num="72" count="35" type="stmt"/>
        <line num="74" count="35" type="cond" truecount="1" falsecount="0"/>
        <line num="75" count="3" type="stmt"/>
        <line num="76" count="3" type="stmt"/>
        <line num="77" count="3" type="stmt"/>
        <line num="80" count="3" type="stmt"/>
        <line num="81" count="3" type="stmt"/>
        <line num="82" count="3" type="cond" truecount="1" falsecount="0"/>
        <line num="84" count="32" type="stmt"/>
        <line num="85" count="35" type="cond" truecount="1" falsecount="0"/>
        <line num="86" count="1" type="stmt"/>
        <line num="87" count="1" type="stmt"/>
        <line num="88" count="1" type="stmt"/>
        <line num="89" count="1" type="stmt"/>
        <line num="90" count="1" type="cond" truecount="1" falsecount="0"/>
        <line num="91" count="31" type="stmt"/>
        <line num="92" count="31" type="stmt"/>
        <line num="94" count="32" type="stmt"/>
        <line num="95" count="32" type="stmt"/>
        <line num="109" count="32" type="cond" truecount="1" falsecount="0"/>
        <line num="110" count="32" type="stmt"/>
        <line num="111" count="32" type="stmt"/>
        <line num="113" count="32" type="cond" truecount="1" falsecount="0"/>
        <line num="114" count="21" type="cond" truecount="2" falsecount="0"/>
        <line num="115" count="21" type="cond" truecount="1" falsecount="0"/>
        <line num="116" count="2" type="stmt"/>
        <line num="117" count="2" type="cond" truecount="0" falsecount="1"/>
        <line num="119" count="2" type="stmt"/>
        <line num="120" count="2" type="stmt"/>
        <line num="121" count="2" type="cond" truecount="1" falsecount="0"/>
        <line num="122" count="17" type="stmt"/>
        <line num="123" count="17" type="stmt"/>
        <line num="124" count="21" type="cond" truecount="2" falsecount="0"/>
        <line num="125" count="14" type="stmt"/>
        <line num="126" count="21" type="stmt"/>
        <line num="128" count="32" type="stmt"/>
        <line num="129" count="32" type="stmt"/>
        <line num="132" count="32" type="cond" truecount="1" falsecount="0"/>
        <line num="133" count="32" type="stmt"/>
        <line num="134" count="32" type="stmt"/>
        <line num="135" count="32" type="stmt"/>
        <line num="136" count="32" type="stmt"/>
        <line num="137" count="32" type="cond" truecount="1" falsecount="0"/>
        <line num="138" count="21" type="cond" truecount="2" falsecount="0"/>
        <line num="139" count="2" type="cond" truecount="1" falsecount="1"/>
        <line num="140" count="2" type="stmt"/>
        <line num="141" count="2" type="stmt"/>
        <line num="142" count="32" type="stmt"/>
        <line num="143" count="32" type="stmt"/>
        <line num="161" count="32" type="cond" truecount="1" falsecount="0"/>
        <line num="162" count="32" type="stmt"/>
        <line num="163" count="32" type="stmt"/>
        <line num="164" count="32" type="stmt"/>
        <line num="165" count="32" type="stmt"/>
        <line num="166" count="32" type="stmt"/>
        <line num="167" count="32" type="stmt"/>
        <line num="168" count="32" type="stmt"/>
        <line num="169" count="32" type="stmt"/>
        <line num="170" count="32" type="stmt"/>
        <line num="172" count="32" type="cond" truecount="1" falsecount="0"/>
        <line num="173" count="31" type="stmt"/>
        <line num="174" count="31" type="cond" truecount="2" falsecount="0"/>
        <line num="175" count="6" type="cond" truecount="1" falsecount="0"/>
        <line num="176" count="5" type="cond" truecount="1" falsecount="0"/>
        <line num="177" count="1" type="stmt"/>
        <line num="178" count="1" type="stmt"/>
        <line num="179" count="5" type="stmt"/>
        <line num="180" count="6" type="stmt"/>
        <line num="181" count="6" type="cond" truecount="1" falsecount="0"/>
        <line num="182" count="25" type="stmt"/>
        <line num="183" count="31" type="cond" truecount="1" falsecount="0"/>
        <line num="184" count="2" type="stmt"/>
        <line num="185" count="2" type="stmt"/>
        <line num="187" count="2" type="stmt"/>
        <line num="188" count="2" type="stmt"/>
        <line num="189" count="31" type="stmt"/>
        <line num="191" count="32" type="stmt"/>
        <line num="192" count="32" type="stmt"/>
        <line num="206" count="1" type="cond" truecount="1" falsecount="0"/>
        <line num="207" count="34" type="stmt"/>
        <line num="208" count="34" type="stmt"/>
        <line num="209" count="34" type="stmt"/>
        <line num="210" count="34" type="stmt"/>
        <line num="211" count="34" type="cond" truecount="1" falsecount="0"/>
        <line num="212" count="38" type="cond" truecount="2" falsecount="0"/>
        <line num="213" count="2" type="stmt"/>
        <line num="214" count="2" type="stmt"/>
        <line num="215" count="2" type="stmt"/>
        <line num="216" count="2" type="stmt"/>
        <line num="217" count="2" type="stmt"/>
        <line num="218" count="38" type="cond" truecount="1" falsecount="0"/>
        <line num="220" count="32" type="stmt"/>
        <line num="221" count="32" type="stmt"/>
        <line num="222" count="32" type="stmt"/>
        <line num="223" count="32" type="stmt"/>
        <line num="227" count="32" type="stmt"/>
        <line num="229" count="32" type="stmt"/>
        <line num="230" count="32" type="stmt"/>
        <line num="233" count="34" type="cond" truecount="1" falsecount="0"/>
        <line num="234" count="29" type="cond" truecount="1" falsecount="0"/>
        <line num="235" count="11" type="cond" truecount="2" falsecount="0"/>
        <line num="236" count="6" type="stmt"/>
        <line num="237" count="6" type="stmt"/>
        <line num="238" count="29" type="cond" truecount="1" falsecount="0"/>
        <line num="240" count="32" type="stmt"/>
        <line num="241" count="32" type="stmt"/>
        <line num="242" count="32" type="stmt"/>
        <line num="248" count="1" type="cond" truecount="1" falsecount="0"/>
        <line num="249" count="11" type="stmt"/>
        <line num="250" count="11" type="stmt"/>
        <line num="251" count="11" type="stmt"/>
        <line num="252" count="11" type="cond" truecount="1" falsecount="0"/>
        <line num="253" count="20" type="stmt"/>
        <line num="254" count="20" type="cond" truecount="2" falsecount="0"/>
        <line num="255" count="19" type="stmt"/>
        <line num="256" count="20" type="stmt"/>
        <line num="257" count="11" type="stmt"/>
        <line num="258" count="11" type="stmt"/>
      </file>
    </package>
    <package name="server">
      <metrics statements="123" coveredstatements="123" conditionals="32" coveredconditionals="29" methods="6" coveredmethods="6"/>
      <file name="jobcan-pipeline.ts" path="/Users/tanakarui/Documents/AI/management/packages/shift-management/src/server/jobcan-pipeline.ts">
        <metrics statements="123" coveredstatements="123" conditionals="32" coveredconditionals="29" methods="6" coveredmethods="6"/>
        <line num="1" count="1" type="stmt"/>
        <line num="9" count="1" type="stmt"/>
        <line num="32" count="1" type="stmt"/>
        <line num="33" count="1" type="stmt"/>
        <line num="34" count="1" type="stmt"/>
        <line num="35" count="1" type="stmt"/>
        <line num="59" count="1" type="cond" truecount="1" falsecount="0"/>
        <line num="60" count="1" type="cond" truecount="0" falsecount="1"/>
        <line num="61" count="1" type="stmt"/>
        <line num="64" count="18" type="cond" truecount="1" falsecount="0"/>
        <line num="65" count="18" type="stmt"/>
        <line num="66" count="18" type="stmt"/>
        <line num="67" count="18" type="stmt"/>
        <line num="68" count="18" type="stmt"/>
        <line num="69" count="18" type="stmt"/>
        <line num="70" count="18" type="stmt"/>
        <line num="71" count="18" type="stmt"/>
        <line num="72" count="18" type="cond" truecount="1" falsecount="0"/>
        <line num="73" count="2" type="stmt"/>
        <line num="74" count="2" type="cond" truecount="1" falsecount="0"/>
        <line num="75" count="16" type="stmt"/>
        <line num="76" count="16" type="cond" truecount="1" falsecount="0"/>
        <line num="77" count="15" type="stmt"/>
        <line num="78" count="18" type="cond" truecount="1" falsecount="0"/>
        <line num="79" count="1" type="stmt"/>
        <line num="80" count="1" type="stmt"/>
        <line num="81" count="18" type="stmt"/>
        <line num="84" count="9" type="cond" truecount="1" falsecount="0"/>
        <line num="85" count="9" type="stmt"/>
        <line num="86" count="9" type="cond" truecount="1" falsecount="0"/>
        <line num="87" count="7" type="stmt"/>
        <line num="88" count="7" type="cond" truecount="0" falsecount="1"/>
        <line num="89" count="7" type="stmt"/>
        <line num="90" count="7" type="stmt"/>
        <line num="91" count="9" type="stmt"/>
        <line num="92" count="9" type="stmt"/>
        <line num="95" count="11" type="cond" truecount="1" falsecount="0"/>
        <line num="96" count="11" type="stmt"/>
        <line num="97" count="11" type="stmt"/>
        <line num="98" count="11" type="stmt"/>
        <line num="99" count="11" type="stmt"/>
        <line num="100" count="11" type="cond" truecount="1" falsecount="0"/>
        <line num="101" count="21" type="cond" truecount="1" falsecount="0"/>
        <line num="102" count="1" type="stmt"/>
        <line num="103" count="1" type="stmt"/>
        <line num="104" count="1" type="stmt"/>
        <line num="105" count="1" type="cond" truecount="1" falsecount="0"/>
        <line num="106" count="21" type="cond" truecount="1" falsecount="0"/>
        <line num="107" count="1" type="stmt"/>
        <line num="108" count="1" type="stmt"/>
        <line num="109" count="1" type="stmt"/>
        <line num="110" count="1" type="stmt"/>
        <line num="111" count="21" type="cond" truecount="1" falsecount="0"/>
        <line num="112" count="9" type="stmt"/>
        <line num="118" count="3" type="cond" truecount="1" falsecount="0"/>
        <line num="119" count="3" type="stmt"/>
        <line num="120" count="3" type="stmt"/>
        <line num="121" count="3" type="stmt"/>
        <line num="122" count="3" type="stmt"/>
        <line num="123" count="3" type="stmt"/>
        <line num="124" count="3" type="stmt"/>
        <line num="125" count="3" type="stmt"/>
        <line num="126" count="3" type="stmt"/>
        <line num="127" count="3" type="stmt"/>
        <line num="128" count="3" type="stmt"/>
        <line num="129" count="3" type="stmt"/>
        <line num="130" count="3" type="stmt"/>
        <line num="131" count="3" type="cond" truecount="0" falsecount="1"/>
        <line num="132" count="3" type="cond" truecount="2" falsecount="0"/>
        <line num="133" count="2" type="stmt"/>
        <line num="134" count="2" type="stmt"/>
        <line num="135" count="2" type="cond" truecount="2" falsecount="0"/>
        <line num="136" count="2" type="stmt"/>
        <line num="137" count="2" type="cond" truecount="1" falsecount="0"/>
        <line num="138" count="1" type="stmt"/>
        <line num="139" count="1" type="stmt"/>
        <line num="140" count="1" type="stmt"/>
        <line num="141" count="1" type="stmt"/>
        <line num="142" count="3" type="stmt"/>
        <line num="143" count="3" type="stmt"/>
        <line num="158" count="12" type="cond" truecount="1" falsecount="0"/>
        <line num="159" count="12" type="stmt"/>
        <line num="160" count="12" type="stmt"/>
        <line num="161" count="12" type="stmt"/>
        <line num="162" count="12" type="stmt"/>
        <line num="163" count="12" type="stmt"/>
        <line num="164" count="12" type="stmt"/>
        <line num="166" count="12" type="cond" truecount="1" falsecount="0"/>
        <line num="167" count="1" type="stmt"/>
        <line num="168" count="1" type="cond" truecount="1" falsecount="0"/>
        <line num="171" count="11" type="stmt"/>
        <line num="172" count="11" type="stmt"/>
        <line num="173" count="11" type="stmt"/>
        <line num="176" count="11" type="stmt"/>
        <line num="177" count="11" type="stmt"/>
        <line num="178" count="11" type="stmt"/>
        <line num="179" count="11" type="stmt"/>
        <line num="182" count="11" type="cond" truecount="1" falsecount="0"/>
        <line num="183" count="9" type="stmt"/>
        <line num="185" count="9" type="stmt"/>
        <line num="188" count="12" type="cond" truecount="1" falsecount="0"/>
        <line num="189" count="17" type="stmt"/>
        <line num="190" count="17" type="cond" truecount="1" falsecount="0"/>
        <line num="191" count="17" type="stmt"/>
        <line num="192" count="17" type="stmt"/>
        <line num="193" count="17" type="cond" truecount="1" falsecount="0"/>
        <line num="196" count="12" type="cond" truecount="1" falsecount="0"/>
        <line num="197" count="3" type="stmt"/>
        <line num="198" count="3" type="stmt"/>
        <line num="199" count="3" type="stmt"/>
        <line num="200" count="3" type="stmt"/>
        <line num="201" count="3" type="stmt"/>
        <line num="202" count="3" type="stmt"/>
        <line num="203" count="3" type="stmt"/>
        <line num="204" count="3" type="stmt"/>
        <line num="205" count="3" type="stmt"/>
        <line num="206" count="3" type="stmt"/>
        <line num="207" count="3" type="stmt"/>
        <line num="208" count="3" type="stmt"/>
        <line num="209" count="3" type="stmt"/>
        <line num="210" count="3" type="cond" truecount="1" falsecount="0"/>
        <line num="212" count="9" type="stmt"/>
        <line num="213" count="9" type="stmt"/>
      </file>
    </package>
  </project>
</coverage>
