{"/Users/tanakarui/Documents/AI/management/packages/shift-management/src/logic/jobcan-filename.ts": {"path":"/Users/tanakarui/Documents/AI/management/packages/shift-management/src/logic/jobcan-filename.ts","all":false,"statementMap":{"0":{"start":{"line":1,"column":0},"end":{"line":1,"column":44}},"7":{"start":{"line":8,"column":0},"end":{"line":8,"column":40}},"15":{"start":{"line":16,"column":0},"end":{"line":16,"column":53}},"18":{"start":{"line":19,"column":0},"end":{"line":19,"column":37}},"30":{"start":{"line":31,"column":0},"end":{"line":31,"column":56}},"34":{"start":{"line":35,"column":0},"end":{"line":35,"column":3}},"35":{"start":{"line":36,"column":0},"end":{"line":36,"column":45}},"38":{"start":{"line":39,"column":0},"end":{"line":39,"column":66}},"39":{"start":{"line":40,"column":0},"end":{"line":40,"column":55}},"40":{"start":{"line":41,"column":0},"end":{"line":41,"column":30}},"41":{"start":{"line":42,"column":0},"end":{"line":42,"column":31}},"42":{"start":{"line":43,"column":0},"end":{"line":43,"column":50}},"43":{"start":{"line":44,"column":0},"end":{"line":44,"column":3}},"44":{"start":{"line":45,"column":0},"end":{"line":45,"column":24}},"45":{"start":{"line":46,"column":0},"end":{"line":46,"column":20}},"46":{"start":{"line":47,"column":0},"end":{"line":47,"column":58}},"47":{"start":{"line":48,"column":0},"end":{"line":48,"column":6}},"48":{"start":{"line":49,"column":0},"end":{"line":49,"column":3}},"49":{"start":{"line":50,"column":0},"end":{"line":50,"column":22}},"50":{"start":{"line":51,"column":0},"end":{"line":51,"column":41}},"51":{"start":{"line":52,"column":0},"end":{"line":52,"column":42}},"52":{"start":{"line":53,"column":0},"end":{"line":53,"column":18}},"53":{"start":{"line":54,"column":0},"end":{"line":54,"column":20}},"54":{"start":{"line":55,"column":0},"end":{"line":55,"column":75}},"55":{"start":{"line":56,"column":0},"end":{"line":56,"column":6}},"56":{"start":{"line":57,"column":0},"end":{"line":57,"column":3}},"57":{"start":{"line":58,"column":0},"end":{"line":58,"column":48}},"58":{"start":{"line":59,"column":0},"end":{"line":59,"column":32}},"59":{"start":{"line":60,"column":0},"end":{"line":60,"column":20}},"60":{"start":{"line":61,"column":0},"end":{"line":61,"column":54}},"61":{"start":{"line":62,"column":0},"end":{"line":62,"column":6}},"62":{"start":{"line":63,"column":0},"end":{"line":63,"column":3}},"66":{"start":{"line":67,"column":0},"end":{"line":67,"column":42}},"67":{"start":{"line":68,"column":0},"end":{"line":68,"column":50}},"68":{"start":{"line":69,"column":0},"end":{"line":69,"column":34}},"69":{"start":{"line":70,"column":0},"end":{"line":70,"column":40}},"70":{"start":{"line":71,"column":0},"end":{"line":71,"column":34}},"71":{"start":{"line":72,"column":0},"end":{"line":72,"column":12}},"72":{"start":{"line":73,"column":0},"end":{"line":73,"column":5}},"73":{"start":{"line":74,"column":0},"end":{"line":74,"column":3}},"75":{"start":{"line":76,"column":0},"end":{"line":76,"column":42}},"76":{"start":{"line":77,"column":0},"end":{"line":77,"column":1}}},"s":{"0":1,"7":1,"15":1,"18":1,"30":1,"34":21,"35":21,"38":21,"39":21,"40":22,"41":22,"42":22,"43":22,"44":21,"45":2,"46":2,"47":2,"48":2,"49":21,"50":2,"51":2,"52":2,"53":2,"54":2,"55":2,"56":2,"57":17,"58":21,"59":2,"60":2,"61":2,"62":2,"66":15,"67":21,"68":17,"69":17,"70":10,"71":10,"72":10,"73":17,"75":15,"76":15},"branchMap":{"0":{"type":"branch","line":31,"loc":{"start":{"line":31,"column":7},"end":{"line":77,"column":1}},"locations":[{"start":{"line":31,"column":7},"end":{"line":77,"column":1}}]},"1":{"type":"branch","line":40,"loc":{"start":{"line":40,"column":54},"end":{"line":44,"column":3}},"locations":[{"start":{"line":40,"column":54},"end":{"line":44,"column":3}}]},"2":{"type":"branch","line":45,"loc":{"start":{"line":45,"column":23},"end":{"line":49,"column":3}},"locations":[{"start":{"line":45,"column":23},"end":{"line":49,"column":3}}]},"3":{"type":"branch","line":49,"loc":{"start":{"line":49,"column":2},"end":{"line":50,"column":21}},"locations":[{"start":{"line":49,"column":2},"end":{"line":50,"column":21}}]},"4":{"type":"branch","line":50,"loc":{"start":{"line":50,"column":21},"end":{"line":57,"column":3}},"locations":[{"start":{"line":50,"column":21},"end":{"line":57,"column":3}}]},"5":{"type":"branch","line":57,"loc":{"start":{"line":57,"column":2},"end":{"line":59,"column":19}},"locations":[{"start":{"line":57,"column":2},"end":{"line":59,"column":19}}]},"6":{"type":"branch","line":59,"loc":{"start":{"line":59,"column":14},"end":{"line":59,"column":31}},"locations":[{"start":{"line":59,"column":14},"end":{"line":59,"column":31}}]},"7":{"type":"branch","line":59,"loc":{"start":{"line":59,"column":31},"end":{"line":63,"column":3}},"locations":[{"start":{"line":59,"column":31},"end":{"line":63,"column":3}}]},"8":{"type":"branch","line":63,"loc":{"start":{"line":63,"column":2},"end":{"line":68,"column":49}},"locations":[{"start":{"line":63,"column":2},"end":{"line":68,"column":49}}]},"9":{"type":"branch","line":68,"loc":{"start":{"line":68,"column":49},"end":{"line":74,"column":3}},"locations":[{"start":{"line":68,"column":49},"end":{"line":74,"column":3}}]},"10":{"type":"branch","line":70,"loc":{"start":{"line":70,"column":39},"end":{"line":73,"column":5}},"locations":[{"start":{"line":70,"column":39},"end":{"line":73,"column":5}}]},"11":{"type":"branch","line":74,"loc":{"start":{"line":74,"column":2},"end":{"line":77,"column":1}},"locations":[{"start":{"line":74,"column":2},"end":{"line":77,"column":1}}]},"12":{"type":"branch","line":52,"loc":{"start":{"line":52,"column":11},"end":{"line":52,"column":41}},"locations":[{"start":{"line":52,"column":11},"end":{"line":52,"column":41}}]}},"b":{"0":[21],"1":[22],"2":[2],"3":[19],"4":[2],"5":[17],"6":[16],"7":[2],"8":[15],"9":[17],"10":[10],"11":[15],"12":[4]},"fnMap":{"0":{"name":"parseJobcanFileName","decl":{"start":{"line":31,"column":7},"end":{"line":77,"column":1}},"loc":{"start":{"line":31,"column":7},"end":{"line":77,"column":1}},"line":31}},"f":{"0":21}}
,"/Users/tanakarui/Documents/AI/management/packages/shift-management/src/logic/jobcan-plan.ts": {"path":"/Users/tanakarui/Documents/AI/management/packages/shift-management/src/logic/jobcan-plan.ts","all":false,"statementMap":{"1":{"start":{"line":2,"column":0},"end":{"line":2,"column":44}},"5":{"start":{"line":6,"column":0},"end":{"line":6,"column":40}},"27":{"start":{"line":28,"column":0},"end":{"line":28,"column":54}},"28":{"start":{"line":29,"column":0},"end":{"line":29,"column":27}},"29":{"start":{"line":30,"column":0},"end":{"line":30,"column":1}},"32":{"start":{"line":33,"column":0},"end":{"line":33,"column":23}},"33":{"start":{"line":34,"column":0},"end":{"line":34,"column":20}},"34":{"start":{"line":35,"column":0},"end":{"line":35,"column":16}},"35":{"start":{"line":36,"column":0},"end":{"line":36,"column":14}},"36":{"start":{"line":37,"column":0},"end":{"line":37,"column":17}},"37":{"start":{"line":38,"column":0},"end":{"line":38,"column":10}},"38":{"start":{"line":39,"column":0},"end":{"line":39,"column":33}},"39":{"start":{"line":40,"column":0},"end":{"line":40,"column":33}},"40":{"start":{"line":41,"column":0},"end":{"line":41,"column":27}},"41":{"start":{"line":42,"column":0},"end":{"line":42,"column":21}},"42":{"start":{"line":43,"column":0},"end":{"line":43,"column":17}},"43":{"start":{"line":44,"column":0},"end":{"line":44,"column":35}},"44":{"start":{"line":45,"column":0},"end":{"line":45,"column":4}},"45":{"start":{"line":46,"column":0},"end":{"line":46,"column":1}},"61":{"start":{"line":62,"column":0},"end":{"line":62,"column":22}},"62":{"start":{"line":63,"column":0},"end":{"line":63,"column":24}},"63":{"start":{"line":64,"column":0},"end":{"line":64,"column":24}},"64":{"start":{"line":65,"column":0},"end":{"line":65,"column":18}},"65":{"start":{"line":66,"column":0},"end":{"line":66,"column":49}},"66":{"start":{"line":67,"column":0},"end":{"line":67,"column":32}},"67":{"start":{"line":68,"column":0},"end":{"line":68,"column":30}},"69":{"start":{"line":70,"column":0},"end":{"line":70,"column":32}},"70":{"start":{"line":71,"column":0},"end":{"line":71,"column":55}},"71":{"start":{"line":72,"column":0},"end":{"line":72,"column":51}},"73":{"start":{"line":74,"column":0},"end":{"line":74,"column":23}},"74":{"start":{"line":75,"column":0},"end":{"line":75,"column":29}},"75":{"start":{"line":76,"column":0},"end":{"line":76,"column":20}},"76":{"start":{"line":77,"column":0},"end":{"line":77,"column":81}},"79":{"start":{"line":80,"column":0},"end":{"line":80,"column":8}},"80":{"start":{"line":81,"column":0},"end":{"line":81,"column":15}},"81":{"start":{"line":82,"column":0},"end":{"line":82,"column":5}},"83":{"start":{"line":84,"column":0},"end":{"line":84,"column":36}},"84":{"start":{"line":85,"column":0},"end":{"line":85,"column":26}},"85":{"start":{"line":86,"column":0},"end":{"line":86,"column":20}},"86":{"start":{"line":87,"column":0},"end":{"line":87,"column":71}},"87":{"start":{"line":88,"column":0},"end":{"line":88,"column":8}},"88":{"start":{"line":89,"column":0},"end":{"line":89,"column":15}},"89":{"start":{"line":90,"column":0},"end":{"line":90,"column":5}},"90":{"start":{"line":91,"column":0},"end":{"line":91,"column":54}},"91":{"start":{"line":92,"column":0},"end":{"line":92,"column":3}},"93":{"start":{"line":94,"column":0},"end":{"line":94,"column":47}},"94":{"start":{"line":95,"column":0},"end":{"line":95,"column":1}},"108":{"start":{"line":109,"column":0},"end":{"line":109,"column":75}},"109":{"start":{"line":110,"column":0},"end":{"line":110,"column":52}},"110":{"start":{"line":111,"column":0},"end":{"line":111,"column":32}},"112":{"start":{"line":113,"column":0},"end":{"line":113,"column":29}},"113":{"start":{"line":114,"column":0},"end":{"line":114,"column":67}},"114":{"start":{"line":115,"column":0},"end":{"line":115,"column":31}},"115":{"start":{"line":116,"column":0},"end":{"line":116,"column":20}},"116":{"start":{"line":117,"column":0},"end":{"line":117,"column":96}},"118":{"start":{"line":119,"column":0},"end":{"line":119,"column":8}},"119":{"start":{"line":120,"column":0},"end":{"line":120,"column":15}},"120":{"start":{"line":121,"column":0},"end":{"line":121,"column":5}},"121":{"start":{"line":122,"column":0},"end":{"line":122,"column":78}},"122":{"start":{"line":123,"column":0},"end":{"line":123,"column":35}},"123":{"start":{"line":124,"column":0},"end":{"line":124,"column":31}},"124":{"start":{"line":125,"column":0},"end":{"line":125,"column":30}},"125":{"start":{"line":126,"column":0},"end":{"line":126,"column":3}},"127":{"start":{"line":128,"column":0},"end":{"line":128,"column":30}},"128":{"start":{"line":129,"column":0},"end":{"line":129,"column":1}},"131":{"start":{"line":132,"column":0},"end":{"line":132,"column":27}},"132":{"start":{"line":133,"column":0},"end":{"line":133,"column":24}},"133":{"start":{"line":134,"column":0},"end":{"line":134,"column":28}},"134":{"start":{"line":135,"column":0},"end":{"line":135,"column":16}},"135":{"start":{"line":136,"column":0},"end":{"line":136,"column":32}},"136":{"start":{"line":137,"column":0},"end":{"line":137,"column":29}},"137":{"start":{"line":138,"column":0},"end":{"line":138,"column":52}},"138":{"start":{"line":139,"column":0},"end":{"line":139,"column":38}},"139":{"start":{"line":140,"column":0},"end":{"line":140,"column":75}},"140":{"start":{"line":141,"column":0},"end":{"line":141,"column":3}},"141":{"start":{"line":142,"column":0},"end":{"line":142,"column":13}},"142":{"start":{"line":143,"column":0},"end":{"line":143,"column":1}},"160":{"start":{"line":161,"column":0},"end":{"line":161,"column":21}},"161":{"start":{"line":162,"column":0},"end":{"line":162,"column":24}},"162":{"start":{"line":163,"column":0},"end":{"line":163,"column":25}},"163":{"start":{"line":164,"column":0},"end":{"line":164,"column":19}},"164":{"start":{"line":165,"column":0},"end":{"line":165,"column":28}},"165":{"start":{"line":166,"column":0},"end":{"line":166,"column":26}},"166":{"start":{"line":167,"column":0},"end":{"line":167,"column":16}},"167":{"start":{"line":168,"column":0},"end":{"line":168,"column":37}},"168":{"start":{"line":169,"column":0},"end":{"line":169,"column":38}},"169":{"start":{"line":170,"column":0},"end":{"line":170,"column":32}},"171":{"start":{"line":172,"column":0},"end":{"line":172,"column":45}},"172":{"start":{"line":173,"column":0},"end":{"line":173,"column":44}},"173":{"start":{"line":174,"column":0},"end":{"line":174,"column":46}},"174":{"start":{"line":175,"column":0},"end":{"line":175,"column":28}},"175":{"start":{"line":176,"column":0},"end":{"line":176,"column":53}},"176":{"start":{"line":177,"column":0},"end":{"line":177,"column":48}},"177":{"start":{"line":178,"column":0},"end":{"line":178,"column":9}},"178":{"start":{"line":179,"column":0},"end":{"line":179,"column":7}},"179":{"start":{"line":180,"column":0},"end":{"line":180,"column":15}},"180":{"start":{"line":181,"column":0},"end":{"line":181,"column":5}},"181":{"start":{"line":182,"column":0},"end":{"line":182,"column":23}},"182":{"start":{"line":183,"column":0},"end":{"line":183,"column":32}},"183":{"start":{"line":184,"column":0},"end":{"line":184,"column":20}},"184":{"start":{"line":185,"column":0},"end":{"line":185,"column":48}},"186":{"start":{"line":187,"column":0},"end":{"line":187,"column":8}},"187":{"start":{"line":188,"column":0},"end":{"line":188,"column":5}},"188":{"start":{"line":189,"column":0},"end":{"line":189,"column":3}},"190":{"start":{"line":191,"column":0},"end":{"line":191,"column":47}},"191":{"start":{"line":192,"column":0},"end":{"line":192,"column":1}},"205":{"start":{"line":206,"column":0},"end":{"line":206,"column":36}},"206":{"start":{"line":207,"column":0},"end":{"line":207,"column":24}},"207":{"start":{"line":208,"column":0},"end":{"line":208,"column":24}},"208":{"start":{"line":209,"column":0},"end":{"line":209,"column":28}},"209":{"start":{"line":210,"column":0},"end":{"line":210,"column":18}},"210":{"start":{"line":211,"column":0},"end":{"line":211,"column":32}},"211":{"start":{"line":212,"column":0},"end":{"line":212,"column":77}},"212":{"start":{"line":213,"column":0},"end":{"line":213,"column":22}},"213":{"start":{"line":214,"column":0},"end":{"line":214,"column":73}},"214":{"start":{"line":215,"column":0},"end":{"line":215,"column":83}},"215":{"start":{"line":216,"column":0},"end":{"line":216,"column":8}},"216":{"start":{"line":217,"column":0},"end":{"line":217,"column":5}},"217":{"start":{"line":218,"column":0},"end":{"line":218,"column":3}},"219":{"start":{"line":220,"column":0},"end":{"line":220,"column":48}},"220":{"start":{"line":221,"column":0},"end":{"line":221,"column":45}},"221":{"start":{"line":222,"column":0},"end":{"line":222,"column":43}},"222":{"start":{"line":223,"column":0},"end":{"line":223,"column":56}},"226":{"start":{"line":227,"column":0},"end":{"line":227,"column":49}},"228":{"start":{"line":229,"column":0},"end":{"line":229,"column":77}},"229":{"start":{"line":230,"column":0},"end":{"line":230,"column":50}},"232":{"start":{"line":233,"column":0},"end":{"line":233,"column":24}},"233":{"start":{"line":234,"column":0},"end":{"line":234,"column":46}},"234":{"start":{"line":235,"column":0},"end":{"line":235,"column":75}},"235":{"start":{"line":236,"column":0},"end":{"line":236,"column":56}},"236":{"start":{"line":237,"column":0},"end":{"line":237,"column":5}},"237":{"start":{"line":238,"column":0},"end":{"line":238,"column":3}},"239":{"start":{"line":240,"column":0},"end":{"line":240,"column":77}},"240":{"start":{"line":241,"column":0},"end":{"line":241,"column":61}},"241":{"start":{"line":242,"column":0},"end":{"line":242,"column":1}},"247":{"start":{"line":248,"column":0},"end":{"line":248,"column":35}},"248":{"start":{"line":249,"column":0},"end":{"line":249,"column":24}},"249":{"start":{"line":250,"column":0},"end":{"line":250,"column":30}},"250":{"start":{"line":251,"column":0},"end":{"line":251,"column":46}},"251":{"start":{"line":252,"column":0},"end":{"line":252,"column":32}},"252":{"start":{"line":253,"column":0},"end":{"line":253,"column":45}},"253":{"start":{"line":254,"column":0},"end":{"line":254,"column":35}},"254":{"start":{"line":255,"column":0},"end":{"line":255,"column":44}},"255":{"start":{"line":256,"column":0},"end":{"line":256,"column":3}},"256":{"start":{"line":257,"column":0},"end":{"line":257,"column":13}},"257":{"start":{"line":258,"column":0},"end":{"line":258,"column":1}}},"s":{"1":1,"5":1,"27":51,"28":51,"29":51,"32":31,"33":31,"34":31,"35":31,"36":31,"37":31,"38":31,"39":31,"40":31,"41":31,"42":31,"43":31,"44":31,"45":31,"61":32,"62":32,"63":32,"64":32,"65":32,"66":32,"67":32,"69":32,"70":35,"71":35,"73":35,"74":3,"75":3,"76":3,"79":3,"80":3,"81":3,"83":32,"84":35,"85":1,"86":1,"87":1,"88":1,"89":1,"90":31,"91":31,"93":32,"94":32,"108":32,"109":32,"110":32,"112":32,"113":21,"114":21,"115":2,"116":2,"118":2,"119":2,"120":2,"121":17,"122":17,"123":21,"124":14,"125":21,"127":32,"128":32,"131":32,"132":32,"133":32,"134":32,"135":32,"136":32,"137":21,"138":2,"139":2,"140":2,"141":32,"142":32,"160":32,"161":32,"162":32,"163":32,"164":32,"165":32,"166":32,"167":32,"168":32,"169":32,"171":32,"172":31,"173":31,"174":6,"175":5,"176":1,"177":1,"178":5,"179":6,"180":6,"181":25,"182":31,"183":2,"184":2,"186":2,"187":2,"188":31,"190":32,"191":32,"205":1,"206":34,"207":34,"208":34,"209":34,"210":34,"211":38,"212":2,"213":2,"214":2,"215":2,"216":2,"217":38,"219":32,"220":32,"221":32,"222":32,"226":32,"228":32,"229":32,"232":34,"233":29,"234":11,"235":6,"236":6,"237":29,"239":32,"240":32,"241":32,"247":1,"248":11,"249":11,"250":11,"251":11,"252":20,"253":20,"254":19,"255":20,"256":11,"257":11},"branchMap":{"0":{"type":"branch","line":28,"loc":{"start":{"line":28,"column":0},"end":{"line":30,"column":1}},"locations":[{"start":{"line":28,"column":0},"end":{"line":30,"column":1}}]},"1":{"type":"branch","line":33,"loc":{"start":{"line":33,"column":0},"end":{"line":46,"column":1}},"locations":[{"start":{"line":33,"column":0},"end":{"line":46,"column":1}}]},"2":{"type":"branch","line":62,"loc":{"start":{"line":62,"column":0},"end":{"line":95,"column":1}},"locations":[{"start":{"line":62,"column":0},"end":{"line":95,"column":1}}]},"3":{"type":"branch","line":70,"loc":{"start":{"line":70,"column":31},"end":{"line":92,"column":3}},"locations":[{"start":{"line":70,"column":31},"end":{"line":92,"column":3}}]},"4":{"type":"branch","line":74,"loc":{"start":{"line":74,"column":22},"end":{"line":82,"column":5}},"locations":[{"start":{"line":74,"column":22},"end":{"line":82,"column":5}}]},"5":{"type":"branch","line":82,"loc":{"start":{"line":82,"column":4},"end":{"line":85,"column":25}},"locations":[{"start":{"line":82,"column":4},"end":{"line":85,"column":25}}]},"6":{"type":"branch","line":85,"loc":{"start":{"line":85,"column":25},"end":{"line":90,"column":5}},"locations":[{"start":{"line":85,"column":25},"end":{"line":90,"column":5}}]},"7":{"type":"branch","line":90,"loc":{"start":{"line":90,"column":4},"end":{"line":92,"column":3}},"locations":[{"start":{"line":90,"column":4},"end":{"line":92,"column":3}}]},"8":{"type":"branch","line":109,"loc":{"start":{"line":109,"column":0},"end":{"line":129,"column":1}},"locations":[{"start":{"line":109,"column":0},"end":{"line":129,"column":1}}]},"9":{"type":"branch","line":113,"loc":{"start":{"line":113,"column":28},"end":{"line":126,"column":3}},"locations":[{"start":{"line":113,"column":28},"end":{"line":126,"column":3}}]},"10":{"type":"branch","line":114,"loc":{"start":{"line":114,"column":43},"end":{"line":114,"column":67}},"locations":[{"start":{"line":114,"column":43},"end":{"line":114,"column":67}}]},"11":{"type":"branch","line":114,"loc":{"start":{"line":114,"column":43},"end":{"line":115,"column":30}},"locations":[{"start":{"line":114,"column":43},"end":{"line":115,"column":30}}]},"12":{"type":"branch","line":115,"loc":{"start":{"line":115,"column":30},"end":{"line":121,"column":5}},"locations":[{"start":{"line":115,"column":30},"end":{"line":121,"column":5}}]},"13":{"type":"branch","line":117,"loc":{"start":{"line":117,"column":75},"end":{"line":117,"column":90}},"locations":[{"start":{"line":117,"column":75},"end":{"line":117,"column":90}}]},"14":{"type":"branch","line":121,"loc":{"start":{"line":121,"column":4},"end":{"line":124,"column":23}},"locations":[{"start":{"line":121,"column":4},"end":{"line":124,"column":23}}]},"15":{"type":"branch","line":124,"loc":{"start":{"line":124,"column":16},"end":{"line":124,"column":31}},"locations":[{"start":{"line":124,"column":16},"end":{"line":124,"column":31}}]},"16":{"type":"branch","line":124,"loc":{"start":{"line":124,"column":29},"end":{"line":125,"column":30}},"locations":[{"start":{"line":124,"column":29},"end":{"line":125,"column":30}}]},"17":{"type":"branch","line":132,"loc":{"start":{"line":132,"column":0},"end":{"line":143,"column":1}},"locations":[{"start":{"line":132,"column":0},"end":{"line":143,"column":1}}]},"18":{"type":"branch","line":137,"loc":{"start":{"line":137,"column":28},"end":{"line":141,"column":3}},"locations":[{"start":{"line":137,"column":28},"end":{"line":141,"column":3}}]},"19":{"type":"branch","line":138,"loc":{"start":{"line":138,"column":43},"end":{"line":141,"column":3}},"locations":[{"start":{"line":138,"column":43},"end":{"line":141,"column":3}}]},"20":{"type":"branch","line":138,"loc":{"start":{"line":138,"column":43},"end":{"line":139,"column":38}},"locations":[{"start":{"line":138,"column":43},"end":{"line":139,"column":38}}]},"21":{"type":"branch","line":139,"loc":{"start":{"line":139,"column":29},"end":{"line":139,"column":38}},"locations":[{"start":{"line":139,"column":29},"end":{"line":139,"column":38}}]},"22":{"type":"branch","line":139,"loc":{"start":{"line":139,"column":29},"end":{"line":141,"column":3}},"locations":[{"start":{"line":139,"column":29},"end":{"line":141,"column":3}}]},"23":{"type":"branch","line":161,"loc":{"start":{"line":161,"column":0},"end":{"line":192,"column":1}},"locations":[{"start":{"line":161,"column":0},"end":{"line":192,"column":1}}]},"24":{"type":"branch","line":172,"loc":{"start":{"line":172,"column":44},"end":{"line":189,"column":3}},"locations":[{"start":{"line":172,"column":44},"end":{"line":189,"column":3}}]},"25":{"type":"branch","line":174,"loc":{"start":{"line":174,"column":8},"end":{"line":174,"column":45}},"locations":[{"start":{"line":174,"column":8},"end":{"line":174,"column":45}}]},"26":{"type":"branch","line":174,"loc":{"start":{"line":174,"column":45},"end":{"line":181,"column":5}},"locations":[{"start":{"line":174,"column":45},"end":{"line":181,"column":5}}]},"27":{"type":"branch","line":175,"loc":{"start":{"line":175,"column":27},"end":{"line":179,"column":7}},"locations":[{"start":{"line":175,"column":27},"end":{"line":179,"column":7}}]},"28":{"type":"branch","line":176,"loc":{"start":{"line":176,"column":52},"end":{"line":178,"column":9}},"locations":[{"start":{"line":176,"column":52},"end":{"line":178,"column":9}}]},"29":{"type":"branch","line":181,"loc":{"start":{"line":181,"column":4},"end":{"line":183,"column":31}},"locations":[{"start":{"line":181,"column":4},"end":{"line":183,"column":31}}]},"30":{"type":"branch","line":183,"loc":{"start":{"line":183,"column":31},"end":{"line":188,"column":5}},"locations":[{"start":{"line":183,"column":31},"end":{"line":188,"column":5}}]},"31":{"type":"branch","line":206,"loc":{"start":{"line":206,"column":7},"end":{"line":242,"column":1}},"locations":[{"start":{"line":206,"column":7},"end":{"line":242,"column":1}}]},"32":{"type":"branch","line":211,"loc":{"start":{"line":211,"column":31},"end":{"line":218,"column":3}},"locations":[{"start":{"line":211,"column":31},"end":{"line":218,"column":3}}]},"33":{"type":"branch","line":212,"loc":{"start":{"line":212,"column":32},"end":{"line":212,"column":76}},"locations":[{"start":{"line":212,"column":32},"end":{"line":212,"column":76}}]},"34":{"type":"branch","line":212,"loc":{"start":{"line":212,"column":76},"end":{"line":217,"column":5}},"locations":[{"start":{"line":212,"column":76},"end":{"line":217,"column":5}}]},"35":{"type":"branch","line":218,"loc":{"start":{"line":218,"column":2},"end":{"line":233,"column":23}},"locations":[{"start":{"line":218,"column":2},"end":{"line":233,"column":23}}]},"36":{"type":"branch","line":233,"loc":{"start":{"line":233,"column":23},"end":{"line":238,"column":3}},"locations":[{"start":{"line":233,"column":23},"end":{"line":238,"column":3}}]},"37":{"type":"branch","line":234,"loc":{"start":{"line":234,"column":45},"end":{"line":237,"column":5}},"locations":[{"start":{"line":234,"column":45},"end":{"line":237,"column":5}}]},"38":{"type":"branch","line":235,"loc":{"start":{"line":235,"column":35},"end":{"line":235,"column":75}},"locations":[{"start":{"line":235,"column":35},"end":{"line":235,"column":75}}]},"39":{"type":"branch","line":235,"loc":{"start":{"line":235,"column":35},"end":{"line":237,"column":5}},"locations":[{"start":{"line":235,"column":35},"end":{"line":237,"column":5}}]},"40":{"type":"branch","line":238,"loc":{"start":{"line":238,"column":2},"end":{"line":242,"column":1}},"locations":[{"start":{"line":238,"column":2},"end":{"line":242,"column":1}}]},"41":{"type":"branch","line":248,"loc":{"start":{"line":248,"column":7},"end":{"line":258,"column":1}},"locations":[{"start":{"line":248,"column":7},"end":{"line":258,"column":1}}]},"42":{"type":"branch","line":252,"loc":{"start":{"line":252,"column":31},"end":{"line":256,"column":3}},"locations":[{"start":{"line":252,"column":31},"end":{"line":256,"column":3}}]},"43":{"type":"branch","line":254,"loc":{"start":{"line":254,"column":16},"end":{"line":254,"column":35}},"locations":[{"start":{"line":254,"column":16},"end":{"line":254,"column":35}}]},"44":{"type":"branch","line":254,"loc":{"start":{"line":254,"column":33},"end":{"line":255,"column":44}},"locations":[{"start":{"line":254,"column":33},"end":{"line":255,"column":44}}]}},"b":{"0":[51],"1":[31],"2":[32],"3":[35],"4":[3],"5":[32],"6":[1],"7":[31],"8":[32],"9":[21],"10":[2],"11":[19],"12":[2],"13":[0],"14":[17],"15":[3],"16":[14],"17":[32],"18":[21],"19":[19],"20":[2],"21":[0],"22":[2],"23":[32],"24":[31],"25":[6],"26":[6],"27":[5],"28":[1],"29":[25],"30":[2],"31":[34],"32":[38],"33":[37],"34":[2],"35":[32],"36":[29],"37":[11],"38":[5],"39":[6],"40":[32],"41":[11],"42":[20],"43":[1],"44":[19]},"fnMap":{"0":{"name":"slotKey","decl":{"start":{"line":28,"column":0},"end":{"line":30,"column":1}},"loc":{"start":{"line":28,"column":0},"end":{"line":30,"column":1}},"line":28},"1":{"name":"buildNewEvent","decl":{"start":{"line":33,"column":0},"end":{"line":46,"column":1}},"loc":{"start":{"line":33,"column":0},"end":{"line":46,"column":1}},"line":33},"2":{"name":"buildDesired","decl":{"start":{"line":62,"column":0},"end":{"line":95,"column":1}},"loc":{"start":{"line":62,"column":0},"end":{"line":95,"column":1}},"line":62},"3":{"name":"buildSelf","decl":{"start":{"line":109,"column":0},"end":{"line":129,"column":1}},"loc":{"start":{"line":109,"column":0},"end":{"line":129,"column":1}},"line":109},"4":{"name":"buildForeignSlots","decl":{"start":{"line":132,"column":0},"end":{"line":143,"column":1}},"loc":{"start":{"line":132,"column":0},"end":{"line":143,"column":1}},"line":132},"5":{"name":"diffDesired","decl":{"start":{"line":161,"column":0},"end":{"line":192,"column":1}},"loc":{"start":{"line":161,"column":0},"end":{"line":192,"column":1}},"line":161},"6":{"name":"planJobcanDayUpsert","decl":{"start":{"line":206,"column":7},"end":{"line":242,"column":1}},"loc":{"start":{"line":206,"column":7},"end":{"line":242,"column":1}},"line":206},"7":{"name":"groupEntriesByDate","decl":{"start":{"line":248,"column":7},"end":{"line":258,"column":1}},"loc":{"start":{"line":248,"column":7},"end":{"line":258,"column":1}},"line":248}},"f":{"0":51,"1":31,"2":32,"3":32,"4":32,"5":32,"6":34,"7":11}}
,"/Users/tanakarui/Documents/AI/management/packages/shift-management/src/server/jobcan-pipeline.ts": {"path":"/Users/tanakarui/Documents/AI/management/packages/shift-management/src/server/jobcan-pipeline.ts","all":false,"statementMap":{"0":{"start":{"line":1,"column":0},"end":{"line":1,"column":8}},"8":{"start":{"line":9,"column":0},"end":{"line":9,"column":8}},"31":{"start":{"line":32,"column":0},"end":{"line":32,"column":41}},"32":{"start":{"line":33,"column":0},"end":{"line":33,"column":21}},"33":{"start":{"line":34,"column":0},"end":{"line":34,"column":39}},"34":{"start":{"line":35,"column":0},"end":{"line":35,"column":2}},"58":{"start":{"line":59,"column":0},"end":{"line":59,"column":48}},"59":{"start":{"line":60,"column":0},"end":{"line":60,"column":58}},"60":{"start":{"line":61,"column":0},"end":{"line":61,"column":1}},"63":{"start":{"line":64,"column":0},"end":{"line":64,"column":22}},"64":{"start":{"line":65,"column":0},"end":{"line":65,"column":27}},"65":{"start":{"line":66,"column":0},"end":{"line":66,"column":23}},"66":{"start":{"line":67,"column":0},"end":{"line":67,"column":21}},"67":{"start":{"line":68,"column":0},"end":{"line":68,"column":24}},"68":{"start":{"line":69,"column":0},"end":{"line":69,"column":22}},"69":{"start":{"line":70,"column":0},"end":{"line":70,"column":18}},"70":{"start":{"line":71,"column":0},"end":{"line":71,"column":29}},"71":{"start":{"line":72,"column":0},"end":{"line":72,"column":15}},"72":{"start":{"line":73,"column":0},"end":{"line":73,"column":52}},"73":{"start":{"line":74,"column":0},"end":{"line":74,"column":3}},"74":{"start":{"line":75,"column":0},"end":{"line":75,"column":7}},"75":{"start":{"line":76,"column":0},"end":{"line":76,"column":84}},"76":{"start":{"line":77,"column":0},"end":{"line":77,"column":46}},"77":{"start":{"line":78,"column":0},"end":{"line":78,"column":26}},"78":{"start":{"line":79,"column":0},"end":{"line":79,"column":81}},"79":{"start":{"line":80,"column":0},"end":{"line":80,"column":3}},"80":{"start":{"line":81,"column":0},"end":{"line":81,"column":1}},"83":{"start":{"line":84,"column":0},"end":{"line":84,"column":80}},"84":{"start":{"line":85,"column":0},"end":{"line":85,"column":49}},"85":{"start":{"line":86,"column":0},"end":{"line":86,"column":29}},"86":{"start":{"line":87,"column":0},"end":{"line":87,"column":35}},"87":{"start":{"line":88,"column":0},"end":{"line":88,"column":31}},"88":{"start":{"line":89,"column":0},"end":{"line":89,"column":30}},"89":{"start":{"line":90,"column":0},"end":{"line":90,"column":3}},"90":{"start":{"line":91,"column":0},"end":{"line":91,"column":13}},"91":{"start":{"line":92,"column":0},"end":{"line":92,"column":1}},"94":{"start":{"line":95,"column":0},"end":{"line":95,"column":35}},"95":{"start":{"line":96,"column":0},"end":{"line":96,"column":24}},"96":{"start":{"line":97,"column":0},"end":{"line":97,"column":20}},"97":{"start":{"line":98,"column":0},"end":{"line":98,"column":22}},"98":{"start":{"line":99,"column":0},"end":{"line":99,"column":9}},"99":{"start":{"line":100,"column":0},"end":{"line":100,"column":28}},"100":{"start":{"line":101,"column":0},"end":{"line":101,"column":36}},"101":{"start":{"line":102,"column":0},"end":{"line":102,"column":22}},"102":{"start":{"line":103,"column":0},"end":{"line":103,"column":101}},"103":{"start":{"line":104,"column":0},"end":{"line":104,"column":8}},"104":{"start":{"line":105,"column":0},"end":{"line":105,"column":5}},"105":{"start":{"line":106,"column":0},"end":{"line":106,"column":40}},"106":{"start":{"line":107,"column":0},"end":{"line":107,"column":22}},"107":{"start":{"line":108,"column":0},"end":{"line":108,"column":108}},"108":{"start":{"line":109,"column":0},"end":{"line":109,"column":8}},"109":{"start":{"line":110,"column":0},"end":{"line":110,"column":5}},"110":{"start":{"line":111,"column":0},"end":{"line":111,"column":3}},"111":{"start":{"line":112,"column":0},"end":{"line":112,"column":1}},"117":{"start":{"line":118,"column":0},"end":{"line":118,"column":36}},"118":{"start":{"line":119,"column":0},"end":{"line":119,"column":27}},"119":{"start":{"line":120,"column":0},"end":{"line":120,"column":23}},"120":{"start":{"line":121,"column":0},"end":{"line":121,"column":21}},"121":{"start":{"line":122,"column":0},"end":{"line":122,"column":20}},"122":{"start":{"line":123,"column":0},"end":{"line":123,"column":36}},"123":{"start":{"line":124,"column":0},"end":{"line":124,"column":47}},"124":{"start":{"line":125,"column":0},"end":{"line":125,"column":18}},"125":{"start":{"line":126,"column":0},"end":{"line":126,"column":18}},"126":{"start":{"line":127,"column":0},"end":{"line":127,"column":18}},"127":{"start":{"line":128,"column":0},"end":{"line":128,"column":31}},"128":{"start":{"line":129,"column":0},"end":{"line":129,"column":40}},"129":{"start":{"line":130,"column":0},"end":{"line":130,"column":53}},"130":{"start":{"line":131,"column":0},"end":{"line":131,"column":56}},"131":{"start":{"line":132,"column":0},"end":{"line":132,"column":66}},"132":{"start":{"line":133,"column":0},"end":{"line":133,"column":42}},"133":{"start":{"line":134,"column":0},"end":{"line":134,"column":37}},"134":{"start":{"line":135,"column":0},"end":{"line":135,"column":67}},"135":{"start":{"line":136,"column":0},"end":{"line":136,"column":6}},"136":{"start":{"line":137,"column":0},"end":{"line":137,"column":42}},"137":{"start":{"line":138,"column":0},"end":{"line":138,"column":54}},"138":{"start":{"line":139,"column":0},"end":{"line":139,"column":59}},"139":{"start":{"line":140,"column":0},"end":{"line":140,"column":82}},"140":{"start":{"line":141,"column":0},"end":{"line":141,"column":3}},"141":{"start":{"line":142,"column":0},"end":{"line":142,"column":17}},"142":{"start":{"line":143,"column":0},"end":{"line":143,"column":1}},"157":{"start":{"line":158,"column":0},"end":{"line":158,"column":41}},"158":{"start":{"line":159,"column":0},"end":{"line":159,"column":24}},"159":{"start":{"line":160,"column":0},"end":{"line":160,"column":23}},"160":{"start":{"line":161,"column":0},"end":{"line":161,"column":21}},"161":{"start":{"line":162,"column":0},"end":{"line":162,"column":34}},"162":{"start":{"line":163,"column":0},"end":{"line":163,"column":41}},"163":{"start":{"line":164,"column":0},"end":{"line":164,"column":35}},"165":{"start":{"line":166,"column":0},"end":{"line":166,"column":29}},"166":{"start":{"line":167,"column":0},"end":{"line":167,"column":92}},"167":{"start":{"line":168,"column":0},"end":{"line":168,"column":3}},"170":{"start":{"line":171,"column":0},"end":{"line":171,"column":41}},"171":{"start":{"line":172,"column":0},"end":{"line":172,"column":45}},"172":{"start":{"line":173,"column":0},"end":{"line":173,"column":61}},"175":{"start":{"line":176,"column":0},"end":{"line":176,"column":45}},"176":{"start":{"line":177,"column":0},"end":{"line":177,"column":42}},"177":{"start":{"line":178,"column":0},"end":{"line":178,"column":27}},"178":{"start":{"line":179,"column":0},"end":{"line":179,"column":42}},"181":{"start":{"line":182,"column":0},"end":{"line":182,"column":93}},"182":{"start":{"line":183,"column":0},"end":{"line":183,"column":48}},"184":{"start":{"line":185,"column":0},"end":{"line":185,"column":37}},"187":{"start":{"line":188,"column":0},"end":{"line":188,"column":44}},"188":{"start":{"line":189,"column":0},"end":{"line":189,"column":54}},"189":{"start":{"line":190,"column":0},"end":{"line":190,"column":55}},"190":{"start":{"line":191,"column":0},"end":{"line":191,"column":67}},"191":{"start":{"line":192,"column":0},"end":{"line":192,"column":87}},"192":{"start":{"line":193,"column":0},"end":{"line":193,"column":3}},"195":{"start":{"line":196,"column":0},"end":{"line":196,"column":43}},"196":{"start":{"line":197,"column":0},"end":{"line":197,"column":14}},"197":{"start":{"line":198,"column":0},"end":{"line":198,"column":37}},"198":{"start":{"line":199,"column":0},"end":{"line":199,"column":13}},"199":{"start":{"line":200,"column":0},"end":{"line":200,"column":21}},"200":{"start":{"line":201,"column":0},"end":{"line":201,"column":19}},"201":{"start":{"line":202,"column":0},"end":{"line":202,"column":18}},"202":{"start":{"line":203,"column":0},"end":{"line":203,"column":15}},"203":{"start":{"line":204,"column":0},"end":{"line":204,"column":23}},"204":{"start":{"line":205,"column":0},"end":{"line":205,"column":16}},"205":{"start":{"line":206,"column":0},"end":{"line":206,"column":16}},"206":{"start":{"line":207,"column":0},"end":{"line":207,"column":23}},"207":{"start":{"line":208,"column":0},"end":{"line":208,"column":9}},"208":{"start":{"line":209,"column":0},"end":{"line":209,"column":6}},"209":{"start":{"line":210,"column":0},"end":{"line":210,"column":3}},"211":{"start":{"line":212,"column":0},"end":{"line":212,"column":78}},"212":{"start":{"line":213,"column":0},"end":{"line":213,"column":1}}},"s":{"0":1,"8":1,"31":1,"32":1,"33":1,"34":1,"58":1,"59":1,"60":1,"63":18,"64":18,"65":18,"66":18,"67":18,"68":18,"69":18,"70":18,"71":18,"72":2,"73":2,"74":16,"75":16,"76":15,"77":18,"78":1,"79":1,"80":18,"83":9,"84":9,"85":9,"86":7,"87":7,"88":7,"89":7,"90":9,"91":9,"94":11,"95":11,"96":11,"97":11,"98":11,"99":11,"100":21,"101":1,"102":1,"103":1,"104":1,"105":21,"106":1,"107":1,"108":1,"109":1,"110":21,"111":9,"117":3,"118":3,"119":3,"120":3,"121":3,"122":3,"123":3,"124":3,"125":3,"126":3,"127":3,"128":3,"129":3,"130":3,"131":3,"132":2,"133":2,"134":2,"135":2,"136":2,"137":1,"138":1,"139":1,"140":1,"141":3,"142":3,"157":12,"158":12,"159":12,"160":12,"161":12,"162":12,"163":12,"165":12,"166":1,"167":1,"170":11,"171":11,"172":11,"175":11,"176":11,"177":11,"178":11,"181":11,"182":9,"184":9,"187":12,"188":17,"189":17,"190":17,"191":17,"192":17,"195":12,"196":3,"197":3,"198":3,"199":3,"200":3,"201":3,"202":3,"203":3,"204":3,"205":3,"206":3,"207":3,"208":3,"209":3,"211":9,"212":9},"branchMap":{"0":{"type":"branch","line":59,"loc":{"start":{"line":59,"column":0},"end":{"line":61,"column":1}},"locations":[{"start":{"line":59,"column":0},"end":{"line":61,"column":1}}]},"1":{"type":"branch","line":60,"loc":{"start":{"line":60,"column":36},"end":{"line":60,"column":58}},"locations":[{"start":{"line":60,"column":36},"end":{"line":60,"column":58}}]},"2":{"type":"branch","line":64,"loc":{"start":{"line":64,"column":0},"end":{"line":81,"column":1}},"locations":[{"start":{"line":64,"column":0},"end":{"line":81,"column":1}}]},"3":{"type":"branch","line":72,"loc":{"start":{"line":72,"column":14},"end":{"line":74,"column":3}},"locations":[{"start":{"line":72,"column":14},"end":{"line":74,"column":3}}]},"4":{"type":"branch","line":74,"loc":{"start":{"line":74,"column":2},"end":{"line":76,"column":84}},"locations":[{"start":{"line":74,"column":2},"end":{"line":76,"column":84}}]},"5":{"type":"branch","line":76,"loc":{"start":{"line":76,"column":82},"end":{"line":78,"column":11}},"locations":[{"start":{"line":76,"column":82},"end":{"line":78,"column":11}}]},"6":{"type":"branch","line":78,"loc":{"start":{"line":78,"column":2},"end":{"line":80,"column":3}},"locations":[{"start":{"line":78,"column":2},"end":{"line":80,"column":3}}]},"7":{"type":"branch","line":84,"loc":{"start":{"line":84,"column":0},"end":{"line":92,"column":1}},"locations":[{"start":{"line":84,"column":0},"end":{"line":92,"column":1}}]},"8":{"type":"branch","line":86,"loc":{"start":{"line":86,"column":28},"end":{"line":90,"column":3}},"locations":[{"start":{"line":86,"column":28},"end":{"line":90,"column":3}}]},"9":{"type":"branch","line":88,"loc":{"start":{"line":88,"column":16},"end":{"line":88,"column":31}},"locations":[{"start":{"line":88,"column":16},"end":{"line":88,"column":31}}]},"10":{"type":"branch","line":95,"loc":{"start":{"line":95,"column":0},"end":{"line":112,"column":1}},"locations":[{"start":{"line":95,"column":0},"end":{"line":112,"column":1}}]},"11":{"type":"branch","line":100,"loc":{"start":{"line":100,"column":27},"end":{"line":111,"column":3}},"locations":[{"start":{"line":100,"column":27},"end":{"line":111,"column":3}}]},"12":{"type":"branch","line":101,"loc":{"start":{"line":101,"column":35},"end":{"line":105,"column":5}},"locations":[{"start":{"line":101,"column":35},"end":{"line":105,"column":5}}]},"13":{"type":"branch","line":105,"loc":{"start":{"line":105,"column":4},"end":{"line":106,"column":39}},"locations":[{"start":{"line":105,"column":4},"end":{"line":106,"column":39}}]},"14":{"type":"branch","line":106,"loc":{"start":{"line":106,"column":39},"end":{"line":110,"column":5}},"locations":[{"start":{"line":106,"column":39},"end":{"line":110,"column":5}}]},"15":{"type":"branch","line":111,"loc":{"start":{"line":111,"column":2},"end":{"line":112,"column":1}},"locations":[{"start":{"line":111,"column":2},"end":{"line":112,"column":1}}]},"16":{"type":"branch","line":118,"loc":{"start":{"line":118,"column":0},"end":{"line":143,"column":1}},"locations":[{"start":{"line":118,"column":0},"end":{"line":143,"column":1}}]},"17":{"type":"branch","line":131,"loc":{"start":{"line":131,"column":26},"end":{"line":131,"column":56}},"locations":[{"start":{"line":131,"column":26},"end":{"line":131,"column":56}}]},"18":{"type":"branch","line":132,"loc":{"start":{"line":132,"column":42},"end":{"line":132,"column":66}},"locations":[{"start":{"line":132,"column":42},"end":{"line":132,"column":66}}]},"19":{"type":"branch","line":132,"loc":{"start":{"line":132,"column":42},"end":{"line":137,"column":42}},"locations":[{"start":{"line":132,"column":42},"end":{"line":137,"column":42}}]},"20":{"type":"branch","line":137,"loc":{"start":{"line":137,"column":18},"end":{"line":141,"column":3}},"locations":[{"start":{"line":137,"column":18},"end":{"line":141,"column":3}}]},"21":{"type":"branch","line":135,"loc":{"start":{"line":135,"column":6},"end":{"line":135,"column":67}},"locations":[{"start":{"line":135,"column":6},"end":{"line":135,"column":67}}]},"22":{"type":"branch","line":135,"loc":{"start":{"line":135,"column":29},"end":{"line":135,"column":67}},"locations":[{"start":{"line":135,"column":29},"end":{"line":135,"column":67}}]},"23":{"type":"branch","line":158,"loc":{"start":{"line":158,"column":0},"end":{"line":213,"column":1}},"locations":[{"start":{"line":158,"column":0},"end":{"line":213,"column":1}}]},"24":{"type":"branch","line":166,"loc":{"start":{"line":166,"column":28},"end":{"line":168,"column":3}},"locations":[{"start":{"line":166,"column":28},"end":{"line":168,"column":3}}]},"25":{"type":"branch","line":168,"loc":{"start":{"line":168,"column":2},"end":{"line":182,"column":93}},"locations":[{"start":{"line":168,"column":2},"end":{"line":182,"column":93}}]},"26":{"type":"branch","line":182,"loc":{"start":{"line":182,"column":91},"end":{"line":188,"column":43}},"locations":[{"start":{"line":182,"column":91},"end":{"line":188,"column":43}}]},"27":{"type":"branch","line":188,"loc":{"start":{"line":188,"column":43},"end":{"line":193,"column":3}},"locations":[{"start":{"line":188,"column":43},"end":{"line":193,"column":3}}]},"28":{"type":"branch","line":190,"loc":{"start":{"line":190,"column":47},"end":{"line":190,"column":55}},"locations":[{"start":{"line":190,"column":47},"end":{"line":190,"column":55}}]},"29":{"type":"branch","line":193,"loc":{"start":{"line":193,"column":2},"end":{"line":196,"column":42}},"locations":[{"start":{"line":193,"column":2},"end":{"line":196,"column":42}}]},"30":{"type":"branch","line":196,"loc":{"start":{"line":196,"column":42},"end":{"line":210,"column":3}},"locations":[{"start":{"line":196,"column":42},"end":{"line":210,"column":3}}]},"31":{"type":"branch","line":210,"loc":{"start":{"line":210,"column":2},"end":{"line":213,"column":1}},"locations":[{"start":{"line":210,"column":2},"end":{"line":213,"column":1}}]}},"b":{"0":[1],"1":[0],"2":[18],"3":[2],"4":[16],"5":[15],"6":[1],"7":[9],"8":[7],"9":[0],"10":[11],"11":[21],"12":[1],"13":[20],"14":[1],"15":[9],"16":[3],"17":[0],"18":[1],"19":[2],"20":[1],"21":[2],"22":[1],"23":[12],"24":[1],"25":[11],"26":[9],"27":[17],"28":[16],"29":[9],"30":[3],"31":[9]},"fnMap":{"0":{"name":"getErrorMessage","decl":{"start":{"line":59,"column":0},"end":{"line":61,"column":1}},"loc":{"start":{"line":59,"column":0},"end":{"line":61,"column":1}},"line":59},"1":{"name":"runDay","decl":{"start":{"line":64,"column":0},"end":{"line":81,"column":1}},"loc":{"start":{"line":64,"column":0},"end":{"line":81,"column":1}},"line":64},"2":{"name":"bucketByDate","decl":{"start":{"line":84,"column":0},"end":{"line":92,"column":1}},"loc":{"start":{"line":84,"column":0},"end":{"line":92,"column":1}},"line":84},"3":{"name":"assertSingleStaffAndMonth","decl":{"start":{"line":95,"column":0},"end":{"line":112,"column":1}},"loc":{"start":{"line":95,"column":0},"end":{"line":112,"column":1}},"line":95},"4":{"name":"reconcileRemovedDays","decl":{"start":{"line":118,"column":0},"end":{"line":143,"column":1}},"loc":{"start":{"line":118,"column":0},"end":{"line":143,"column":1}},"line":118},"5":{"name":"runJobcanReconcile","decl":{"start":{"line":158,"column":0},"end":{"line":213,"column":1}},"loc":{"start":{"line":158,"column":0},"end":{"line":213,"column":1}},"line":158}},"f":{"0":1,"1":18,"2":9,"3":11,"4":3,"5":12}}
}
