{"/Users/tanakarui/Documents/AI/management/packages/shift-management/src/logic/jobcan-filename.ts": {"path":"/Users/tanakarui/Documents/AI/management/packages/shift-management/src/logic/jobcan-filename.ts","all":false,"statementMap":{"0":{"start":{"line":1,"column":0},"end":{"line":1,"column":44}},"7":{"start":{"line":8,"column":0},"end":{"line":8,"column":40}},"15":{"start":{"line":16,"column":0},"end":{"line":16,"column":53}},"18":{"start":{"line":19,"column":0},"end":{"line":19,"column":37}},"30":{"start":{"line":31,"column":0},"end":{"line":31,"column":56}},"34":{"start":{"line":35,"column":0},"end":{"line":35,"column":3}},"35":{"start":{"line":36,"column":0},"end":{"line":36,"column":45}},"38":{"start":{"line":39,"column":0},"end":{"line":39,"column":66}},"39":{"start":{"line":40,"column":0},"end":{"line":40,"column":55}},"40":{"start":{"line":41,"column":0},"end":{"line":41,"column":30}},"41":{"start":{"line":42,"column":0},"end":{"line":42,"column":31}},"42":{"start":{"line":43,"column":0},"end":{"line":43,"column":50}},"43":{"start":{"line":44,"column":0},"end":{"line":44,"column":3}},"44":{"start":{"line":45,"column":0},"end":{"line":45,"column":24}},"45":{"start":{"line":46,"column":0},"end":{"line":46,"column":20}},"46":{"start":{"line":47,"column":0},"end":{"line":47,"column":58}},"47":{"start":{"line":48,"column":0},"end":{"line":48,"column":6}},"48":{"start":{"line":49,"column":0},"end":{"line":49,"column":3}},"49":{"start":{"line":50,"column":0},"end":{"line":50,"column":22}},"50":{"start":{"line":51,"column":0},"end":{"line":51,"column":41}},"51":{"start":{"line":52,"column":0},"end":{"line":52,"column":42}},"52":{"start":{"line":53,"column":0},"end":{"line":53,"column":18}},"53":{"start":{"line":54,"column":0},"end":{"line":54,"column":20}},"54":{"start":{"line":55,"column":0},"end":{"line":55,"column":75}},"55":{"start":{"line":56,"column":0},"end":{"line":56,"column":6}},"56":{"start":{"line":57,"column":0},"end":{"line":57,"column":3}},"57":{"start":{"line":58,"column":0},"end":{"line":58,"column":48}},"58":{"start":{"line":59,"column":0},"end":{"line":59,"column":32}},"59":{"start":{"line":60,"column":0},"end":{"line":60,"column":20}},"60":{"start":{"line":61,"column":0},"end":{"line":61,"column":54}},"61":{"start":{"line":62,"column":0},"end":{"line":62,"column":6}},"62":{"start":{"line":63,"column":0},"end":{"line":63,"column":3}},"66":{"start":{"line":67,"column":0},"end":{"line":67,"column":42}},"67":{"start":{"line":68,"column":0},"end":{"line":68,"column":50}},"68":{"start":{"line":69,"column":0},"end":{"line":69,"column":34}},"69":{"start":{"line":70,"column":0},"end":{"line":70,"column":40}},"70":{"start":{"line":71,"column":0},"end":{"line":71,"column":34}},"71":{"start":{"line":72,"column":0},"end":{"line":72,"column":12}},"72":{"start":{"line":73,"column":0},"end":{"line":73,"column":5}},"73":{"start":{"line":74,"column":0},"end":{"line":74,"column":3}},"75":{"start":{"line":76,"column":0},"end":{"line":76,"column":42}},"76":{"start":{"line":77,"column":0},"end":{"line":77,"column":1}}},"s":{"0":1,"7":1,"15":1,"18":1,"30":1,"34":21,"35":21,"38":21,"39":21,"40":22,"41":22,"42":22,"43":22,"44":21,"45":2,"46":2,"47":2,"48":2,"49":21,"50":2,"51":2,"52":2,"53":2,"54":2,"55":2,"56":2,"57":17,"58":21,"59":2,"60":2,"61":2,"62":2,"66":15,"67":21,"68":17,"69":17,"70":10,"71":10,"72":10,"73":17,"75":15,"76":15},"branchMap":{"0":{"type":"branch","line":31,"loc":{"start":{"line":31,"column":7},"end":{"line":77,"column":1}},"locations":[{"start":{"line":31,"column":7},"end":{"line":77,"column":1}}]},"1":{"type":"branch","line":40,"loc":{"start":{"line":40,"column":54},"end":{"line":44,"column":3}},"locations":[{"start":{"line":40,"column":54},"end":{"line":44,"column":3}}]},"2":{"type":"branch","line":45,"loc":{"start":{"line":45,"column":23},"end":{"line":49,"column":3}},"locations":[{"start":{"line":45,"column":23},"end":{"line":49,"column":3}}]},"3":{"type":"branch","line":49,"loc":{"start":{"line":49,"column":2},"end":{"line":50,"column":21}},"locations":[{"start":{"line":49,"column":2},"end":{"line":50,"column":21}}]},"4":{"type":"branch","line":50,"loc":{"start":{"line":50,"column":21},"end":{"line":57,"column":3}},"locations":[{"start":{"line":50,"column":21},"end":{"line":57,"column":3}}]},"5":{"type":"branch","line":57,"loc":{"start":{"line":57,"column":2},"end":{"line":59,"column":19}},"locations":[{"start":{"line":57,"column":2},"end":{"line":59,"column":19}}]},"6":{"type":"branch","line":59,"loc":{"start":{"line":59,"column":14},"end":{"line":59,"column":31}},"locations":[{"start":{"line":59,"column":14},"end":{"line":59,"column":31}}]},"7":{"type":"branch","line":59,"loc":{"start":{"line":59,"column":31},"end":{"line":63,"column":3}},"locations":[{"start":{"line":59,"column":31},"end":{"line":63,"column":3}}]},"8":{"type":"branch","line":63,"loc":{"start":{"line":63,"column":2},"end":{"line":68,"column":49}},"locations":[{"start":{"line":63,"column":2},"end":{"line":68,"column":49}}]},"9":{"type":"branch","line":68,"loc":{"start":{"line":68,"column":49},"end":{"line":74,"column":3}},"locations":[{"start":{"line":68,"column":49},"end":{"line":74,"column":3}}]},"10":{"type":"branch","line":70,"loc":{"start":{"line":70,"column":39},"end":{"line":73,"column":5}},"locations":[{"start":{"line":70,"column":39},"end":{"line":73,"column":5}}]},"11":{"type":"branch","line":74,"loc":{"start":{"line":74,"column":2},"end":{"line":77,"column":1}},"locations":[{"start":{"line":74,"column":2},"end":{"line":77,"column":1}}]},"12":{"type":"branch","line":52,"loc":{"start":{"line":52,"column":11},"end":{"line":52,"column":41}},"locations":[{"start":{"line":52,"column":11},"end":{"line":52,"column":41}}]}},"b":{"0":[21],"1":[22],"2":[2],"3":[19],"4":[2],"5":[17],"6":[16],"7":[2],"8":[15],"9":[17],"10":[10],"11":[15],"12":[4]},"fnMap":{"0":{"name":"parseJobcanFileName","decl":{"start":{"line":31,"column":7},"end":{"line":77,"column":1}},"loc":{"start":{"line":31,"column":7},"end":{"line":77,"column":1}},"line":31}},"f":{"0":21}}
,"/Users/tanakarui/Documents/AI/management/packages/shift-management/src/logic/jobcan-plan.ts": {"path":"/Users/tanakarui/Documents/AI/management/packages/shift-management/src/logic/jobcan-plan.ts","all":false,"statementMap":{"1":{"start":{"line":2,"column":0},"end":{"line":2,"column":44}},"5":{"start":{"line":6,"column":0},"end":{"line":6,"column":40}},"27":{"start":{"line":28,"column":0},"end":{"line":28,"column":54}},"28":{"start":{"line":29,"column":0},"end":{"line":29,"column":27}},"29":{"start":{"line":30,"column":0},"end":{"line":30,"column":1}},"32":{"start":{"line":33,"column":0},"end":{"line":33,"column":23}},"33":{"start":{"line":34,"column":0},"end":{"line":34,"column":20}},"34":{"start":{"line":35,"column":0},"end":{"line":35,"column":16}},"35":{"start":{"line":36,"column":0},"end":{"line":36,"column":14}},"36":{"start":{"line":37,"column":0},"end":{"line":37,"column":17}},"37":{"start":{"line":38,"column":0},"end":{"line":38,"column":10}},"38":{"start":{"line":39,"column":0},"end":{"line":39,"column":33}},"39":{"start":{"line":40,"column":0},"end":{"line":40,"column":33}},"40":{"start":{"line":41,"column":0},"end":{"line":41,"column":27}},"41":{"start":{"line":42,"column":0},"end":{"line":42,"column":21}},"42":{"start":{"line":43,"column":0},"end":{"line":43,"column":17}},"43":{"start":{"line":44,"column":0},"end":{"line":44,"column":35}},"44":{"start":{"line":45,"column":0},"end":{"line":45,"column":4}},"45":{"start":{"line":46,"column":0},"end":{"line":46,"column":1}},"61":{"start":{"line":62,"column":0},"end":{"line":62,"column":22}},"62":{"start":{"line":63,"column":0},"end":{"line":63,"column":24}},"63":{"start":{"line":64,"column":0},"end":{"line":64,"column":24}},"64":{"start":{"line":65,"column":0},"end":{"line":65,"column":18}},"65":{"start":{"line":66,"column":0},"end":{"line":66,"column":49}},"66":{"start":{"line":67,"column":0},"end":{"line":67,"column":32}},"67":{"start":{"line":68,"column":0},"end":{"line":68,"column":30}},"69":{"start":{"line":70,"column":0},"end":{"line":70,"column":32}},"70":{"start":{"line":71,"column":0},"end":{"line":71,"column":55}},"71":{"start":{"line":72,"column":0},"end":{"line":72,"column":51}},"73":{"start":{"line":74,"column":0},"end":{"line":74,"column":23}},"74":{"start":{"line":75,"column":0},"end":{"line":75,"column":29}},"75":{"start":{"line":76,"column":0},"end":{"line":76,"column":20}},"76":{"start":{"line":77,"column":0},"end":{"line":77,"column":81}},"79":{"start":{"line":80,"column":0},"end":{"line":80,"column":8}},"80":{"start":{"line":81,"column":0},"end":{"line":81,"column":15}},"81":{"start":{"line":82,"column":0},"end":{"line":82,"column":5}},"83":{"start":{"line":84,"column":0},"end":{"line":84,"column":36}},"84":{"start":{"line":85,"column":0},"end":{"line":85,"column":26}},"85":{"start":{"line":86,"column":0},"end":{"line":86,"column":20}},"86":{"start":{"line":87,"column":0},"end":{"line":87,"column":71}},"87":{"start":{"line":88,"column":0},"end":{"line":88,"column":8}},"88":{"start":{"line":89,"column":0},"end":{"line":89,"column":15}},"89":{"start":{"line":90,"column":0},"end":{"line":90,"column":5}},"90":{"start":{"line":91,"column":0},"end":{"line":91,"column":54}},"91":{"start":{"line":92,"column":0},"end":{"line":92,"column":3}},"93":{"start":{"line":94,"column":0},"end":{"line":94,"column":47}},"94":{"start":{"line":95,"column":0},"end":{"line":95,"column":1}},"108":{"start":{"line":109,"column":0},"end":{"line":109,"column":75}},"109":{"start":{"line":110,"column":0},"end":{"line":110,"column":52}},"110":{"start":{"line":111,"column":0},"end":{"line":111,"column":32}},"112":{"start":{"line":113,"column":0},"end":{"line":113,"column":29}},"113":{"start":{"line":114,"column":0},"end":{"line":114,"column":67}},"114":{"start":{"line":115,"column":0},"end":{"line":115,"column":31}},"115":{"start":{"line":116,"column":0},"end":{"line":116,"column":20}},"116":{"start":{"line":117,"column":0},"end":{"line":117,"column":96}},"118":{"start":{"line":119,"column":0},"end":{"line":119,"column":8}},"119":{"start":{"line":120,"column":0},"end":{"line":120,"column":15}},"120":{"start":{"line":121,"column":0},"end":{"line":121,"column":5}},"121":{"start":{"line":122,"column":0},"end":{"line":122,"column":78}},"122":{"start":{"line":123,"column":0},"end":{"line":123,"column":35}},"123":{"start":{"line":124,"column":0},"end":{"line":124,"column":31}},"124":{"start":{"line":125,"column":0},"end":{"line":125,"column":30}},"125":{"start":{"line":126,"column":0},"end":{"line":126,"column":3}},"127":{"start":{"line":128,"column":0},"end":{"line":128,"column":30}},"128":{"start":{"line":129,"column":0},"end":{"line":129,"column":1}},"131":{"start":{"line":132,"column":0},"end":{"line":132,"column":27}},"132":{"start":{"line":133,"column":0},"end":{"line":133,"column":24}},"133":{"start":{"line":134,"column":0},"end":{"line":134,"column":28}},"134":{"start":{"line":135,"column":0},"end":{"line":135,"column":16}},"135":{"start":{"line":136,"column":0},"end":{"line":136,"column":32}},"136":{"start":{"line":137,"column":0},"end":{"line":137,"column":29}},"137":{"start":{"line":138,"column":0},"end":{"line":138,"column":52}},"138":{"start":{"line":139,"column":0},"end":{"line":139,"column":38}},"139":{"start":{"line":140,"column":0},"end":{"line":140,"column":75}},"140":{"start":{"line":141,"column":0},"end":{"line":141,"column":3}},"141":{"start":{"line":142,"column":0},"end":{"line":142,"column":13}},"142":{"start":{"line":143,"column":0},"end":{"line":143,"column":1}},"160":{"start":{"line":161,"column":0},"end":{"line":161,"column":21}},"161":{"start":{"line":162,"column":0},"end":{"line":162,"column":24}},"162":{"start":{"line":163,"column":0},"end":{"line":163,"column":25}},"163":{"start":{"line":164,"column":0},"end":{"line":164,"column":19}},"164":{"start":{"line":165,"column":0},"end":{"line":165,"column":28}},"165":{"start":{"line":166,"column":0},"end":{"line":166,"column":26}},"166":{"start":{"line":167,"column":0},"end":{"line":167,"column":16}},"167":{"start":{"line":168,"column":0},"end":{"line":168,"column":37}},"168":{"start":{"line":169,"column":0},"end":{"line":169,"column":38}},"169":{"start":{"line":170,"column":0},"end":{"line":170,"column":32}},"171":{"start":{"line":172,"column":0},"end":{"line":172,"column":45}},"172":{"start":{"line":173,"column":0},"end":{"line":173,"column":44}},"173":{"start":{"line":174,"column":0},"end":{"line":174,"column":46}},"174":{"start":{"line":175,"column":0},"end":{"line":175,"column":28}},"175":{"start":{"line":176,"column":0},"end":{"line":176,"column":53}},"176":{"start":{"line":177,"column":0},"end":{"line":177,"column":48}},"177":{"start":{"line":178,"column":0},"end":{"line":178,"column":9}},"178":{"start":{"line":179,"column":0},"end":{"line":179,"column":7}},"179":{"start":{"line":180,"column":0},"end":{"line":180,"column":15}},"180":{"start":{"line":181,"column":0},"end":{"line":181,"column":5}},"181":{"start":{"line":182,"column":0},"end":{"line":182,"column":23}},"182":{"start":{"line":183,"column":0},"end":{"line":183,"column":32}},"183":{"start":{"line":184,"column":0},"end":{"line":184,"column":20}},"184":{"start":{"line":185,"column":0},"end":{"line":185,"column":48}},"186":{"start":{"line":187,"column":0},"end":{"line":187,"column":8}},"187":{"start":{"line":188,"column":0},"end":{"line":188,"column":5}},"188":{"start":{"line":189,"column":0},"end":{"line":189,"column":3}},"190":{"start":{"line":191,"column":0},"end":{"line":191,"column":47}},"191":{"start":{"line":192,"column":0},"end":{"line":192,"column":1}},"205":{"start":{"line":206,"column":0},"end":{"line":206,"column":36}},"206":{"start":{"line":207,"column":0},"end":{"line":207,"column":24}},"207":{"start":{"line":208,"column":0},"end":{"line":208,"column":24}},"208":{"start":{"line":209,"column":0},"end":{"line":209,"column":28}},"209":{"start":{"line":210,"column":0},"end":{"line":210,"column":18}},"210":{"start":{"line":211,"column":0},"end":{"line":211,"column":32}},"211":{"start":{"line":212,"column":0},"end":{"line":212,"column":77}},"212":{"start":{"line":213,"column":0},"end":{"line":213,"column":22}},"213":{"start":{"line":214,"column":0},"end":{"line":214,"column":73}},"214":{"start":{"line":215,"column":0},"end":{"line":215,"column":83}},"215":{"start":{"line":216,"column":0},"end":{"line":216,"column":8}},"216":{"start":{"line":217,"column":0},"end":{"line":217,"column":5}},"217":{"start":{"line":218,"column":0},"end":{"line":218,"column":3}},"219":{"start":{"line":220,"column":0},"end":{"line":220,"column":48}},"220":{"start":{"line":221,"column":0},"end":{"line":221,"column":45}},"221":{"start":{"line":222,"column":0},"end":{"line":222,"column":43}},"222":{"start":{"line":223,"column":0},"end":{"line":223,"column":56}},"226":{"start":{"line":227,"column":0},"end":{"line":227,"column":49}},"228":{"start":{"line":229,"column":0},"end":{"line":229,"column":77}},"229":{"start":{"line":230,"column":0},"end":{"line":230,"column":50}},"232":{"start":{"line":233,"column":0},"end":{"line":233,"column":24}},"233":{"start":{"line":234,"column":0},"end":{"line":234,"column":46}},"234":{"start":{"line":235,"column":0},"end":{"line":235,"column":75}},"235":{"start":{"line":236,"column":0},"end":{"line":236,"column":56}},"236":{"start":{"line":237,"column":0},"end":{"line":237,"column":5}},"237":{"start":{"line":238,"column":0},"end":{"line":238,"column":3}},"239":{"start":{"line":240,"column":0},"end":{"line":240,"column":77}},"240":{"start":{"line":241,"column":0},"end":{"line":241,"column":61}},"241":{"start":{"line":242,"column":0},"end":{"line":242,"column":1}},"247":{"start":{"line":248,"column":0},"end":{"line":248,"column":35}},"248":{"start":{"line":249,"column":0},"end":{"line":249,"column":24}},"249":{"start":{"line":250,"column":0},"end":{"line":250,"column":30}},"250":{"start":{"line":251,"column":0},"end":{"line":251,"column":46}},"251":{"start":{"line":252,"column":0},"end":{"line":252,"column":32}},"252":{"start":{"line":253,"column":0},"end":{"line":253,"column":45}},"253":{"start":{"line":254,"column":0},"end":{"line":254,"column":35}},"254":{"start":{"line":255,"column":0},"end":{"line":255,"column":44}},"255":{"start":{"line":256,"column":0},"end":{"line":256,"column":3}},"256":{"start":{"line":257,"column":0},"end":{"line":257,"column":13}},"257":{"start":{"line":258,"column":0},"end":{"line":258,"column":1}}},"s":{"1":1,"5":1,"27":51,"28":51,"29":51,"32":31,"33":31,"34":31,"35":31,"36":31,"37":31,"38":31,"39":31,"40":31,"41":31,"42":31,"43":31,"44":31,"45":31,"61":32,"62":32,"63":32,"64":32,"65":32,"66":32,"67":32,"69":32,"70":35,"71":35,"73":35,"74":3,"75":3,"76":3,"79":3,"80":3,"81":3,"83":32,"84":35,"85":1,"86":1,"87":1,"88":1,"89":1,"90":31,"91":31,"93":32,"94":32,"108":32,"109":32,"110":32,"112":32,"113":21,"114":21,"115":2,"116":2,"118":2,"119":2,"120":2,"121":17,"122":17,"123":21,"124":14,"125":21,"127":32,"128":32,"131":32,"132":32,"133":32,"134":32,"135":32,"136":32,"137":21,"138":2,"139":2,"140":2,"141":32,"142":32,"160":32,"161":32,"162":32,"163":32,"164":32,"165":32,"166":32,"167":32,"168":32,"169":32,"171":32,"172":31,"173":31,"174":6,"175":5,"176":1,"177":1,"178":5,"179":6,"180":6,"181":25,"182":31,"183":2,"184":2,"186":2,"187":2,"188":31,"190":32,"191":32,"205":1,"206":34,"207":34,"208":34,"209":34,"210":34,"211":38,"212":2,"213":2,"214":2,"215":2,"216":2,"217":38,"219":32,"220":32,"221":32,"222":32,"226":32,"228":32,"229":32,"232":34,"233":29,"234":11,"235":6,"236":6,"237":29,"239":32,"240":32,"241":32,"247":1,"248":11,"249":11,"250":11,"251":11,"252":20,"253":20,"254":19,"255":20,"256":11,"257":11},"branchMap":{"0":{"type":"branch","line":28,"loc":{"start":{"line":28,"column":0},"end":{"line":30,"column":1}},"locations":[{"start":{"line":28,"column":0},"end":{"line":30,"column":1}}]},"1":{"type":"branch","line":33,"loc":{"start":{"line":33,"column":0},"end":{"line":46,"column":1}},"locations":[{"start":{"line":33,"column":0},"end":{"line":46,"column":1}}]},"2":{"type":"branch","line":62,"loc":{"start":{"line":62,"column":0},"end":{"line":95,"column":1}},"locations":[{"start":{"line":62,"column":0},"end":{"line":95,"column":1}}]},"3":{"type":"branch","line":70,"loc":{"start":{"line":70,"column":31},"end":{"line":92,"column":3}},"locations":[{"start":{"line":70,"column":31},"end":{"line":92,"column":3}}]},"4":{"type":"branch","line":74,"loc":{"start":{"line":74,"column":22},"end":{"line":82,"column":5}},"locations":[{"start":{"line":74,"column":22},"end":{"line":82,"column":5}}]},"5":{"type":"branch","line":82,"loc":{"start":{"line":82,"column":4},"end":{"line":85,"column":25}},"locations":[{"start":{"line":82,"column":4},"end":{"line":85,"column":25}}]},"6":{"type":"branch","line":85,"loc":{"start":{"line":85,"column":25},"end":{"line":90,"column":5}},"locations":[{"start":{"line":85,"column":25},"end":{"line":90,"column":5}}]},"7":{"type":"branch","line":90,"loc":{"start":{"line":90,"column":4},"end":{"line":92,"column":3}},"locations":[{"start":{"line":90,"column":4},"end":{"line":92,"column":3}}]},"8":{"type":"branch","line":109,"loc":{"start":{"line":109,"column":0},"end":{"line":129,"column":1}},"locations":[{"start":{"line":109,"column":0},"end":{"line":129,"column":1}}]},"9":{"type":"branch","line":113,"loc":{"start":{"line":113,"column":28},"end":{"line":126,"column":3}},"locations":[{"start":{"line":113,"column":28},"end":{"line":126,"column":3}}]},"10":{"type":"branch","line":114,"loc":{"start":{"line":114,"column":43},"end":{"line":114,"column":67}},"locations":[{"start":{"line":114,"column":43},"end":{"line":114,"column":67}}]},"11":{"type":"branch","line":114,"loc":{"start":{"line":114,"column":43},"end":{"line":115,"column":30}},"locations":[{"start":{"line":114,"column":43},"end":{"line":115,"column":30}}]},"12":{"type":"branch","line":115,"loc":{"start":{"line":115,"column":30},"end":{"line":121,"column":5}},"locations":[{"start":{"line":115,"column":30},"end":{"line":121,"column":5}}]},"13":{"type":"branch","line":117,"loc":{"start":{"line":117,"column":75},"end":{"line":117,"column":90}},"locations":[{"start":{"line":117,"column":75},"end":{"line":117,"column":90}}]},"14":{"type":"branch","line":121,"loc":{"start":{"line":121,"column":4},"end":{"line":124,"column":23}},"locations":[{"start":{"line":121,"column":4},"end":{"line":124,"column":23}}]},"15":{"type":"branch","line":124,"loc":{"start":{"line":124,"column":16},"end":{"line":124,"column":31}},"locations":[{"start":{"line":124,"column":16},"end":{"line":124,"column":31}}]},"16":{"type":"branch","line":124,"loc":{"start":{"line":124,"column":29},"end":{"line":125,"column":30}},"locations":[{"start":{"line":124,"column":29},"end":{"line":125,"column":30}}]},"17":{"type":"branch","line":132,"loc":{"start":{"line":132,"column":0},"end":{"line":143,"column":1}},"locations":[{"start":{"line":132,"column":0},"end":{"line":143,"column":1}}]},"18":{"type":"branch","line":137,"loc":{"start":{"line":137,"column":28},"end":{"line":141,"column":3}},"locations":[{"start":{"line":137,"column":28},"end":{"line":141,"column":3}}]},"19":{"type":"branch","line":138,"loc":{"start":{"line":138,"column":43},"end":{"line":141,"column":3}},"locations":[{"start":{"line":138,"column":43},"end":{"line":141,"column":3}}]},"20":{"type":"branch","line":138,"loc":{"start":{"line":138,"column":43},"end":{"line":139,"column":38}},"locations":[{"start":{"line":138,"column":43},"end":{"line":139,"column":38}}]},"21":{"type":"branch","line":139,"loc":{"start":{"line":139,"column":29},"end":{"line":139,"column":38}},"locations":[{"start":{"line":139,"column":29},"end":{"line":139,"column":38}}]},"22":{"type":"branch","line":139,"loc":{"start":{"line":139,"column":29},"end":{"line":141,"column":3}},"locations":[{"start":{"line":139,"column":29},"end":{"line":141,"column":3}}]},"23":{"type":"branch","line":161,"loc":{"start":{"line":161,"column":0},"end":{"line":192,"column":1}},"locations":[{"start":{"line":161,"column":0},"end":{"line":192,"column":1}}]},"24":{"type":"branch","line":172,"loc":{"start":{"line":172,"column":44},"end":{"line":189,"column":3}},"locations":[{"start":{"line":172,"column":44},"end":{"line":189,"column":3}}]},"25":{"type":"branch","line":174,"loc":{"start":{"line":174,"column":8},"end":{"line":174,"column":45}},"locations":[{"start":{"line":174,"column":8},"end":{"line":174,"column":45}}]},"26":{"type":"branch","line":174,"loc":{"start":{"line":174,"column":45},"end":{"line":181,"column":5}},"locations":[{"start":{"line":174,"column":45},"end":{"line":181,"column":5}}]},"27":{"type":"branch","line":175,"loc":{"start":{"line":175,"column":27},"end":{"line":179,"column":7}},"locations":[{"start":{"line":175,"column":27},"end":{"line":179,"column":7}}]},"28":{"type":"branch","line":176,"loc":{"start":{"line":176,"column":52},"end":{"line":178,"column":9}},"locations":[{"start":{"line":176,"column":52},"end":{"line":178,"column":9}}]},"29":{"type":"branch","line":181,"loc":{"start":{"line":181,"column":4},"end":{"line":183,"column":31}},"locations":[{"start":{"line":181,"column":4},"end":{"line":183,"column":31}}]},"30":{"type":"branch","line":183,"loc":{"start":{"line":183,"column":31},"end":{"line":188,"column":5}},"locations":[{"start":{"line":183,"column":31},"end":{"line":188,"column":5}}]},"31":{"type":"branch","line":206,"loc":{"start":{"line":206,"column":7},"end":{"line":242,"column":1}},"locations":[{"start":{"line":206,"column":7},"end":{"line":242,"column":1}}]},"32":{"type":"branch","line":211,"loc":{"start":{"line":211,"column":31},"end":{"line":218,"column":3}},"locations":[{"start":{"line":211,"column":31},"end":{"line":218,"column":3}}]},"33":{"type":"branch","line":212,"loc":{"start":{"line":212,"column":32},"end":{"line":212,"column":76}},"locations":[{"start":{"line":212,"column":32},"end":{"line":212,"column":76}}]},"34":{"type":"branch","line":212,"loc":{"start":{"line":212,"column":76},"end":{"line":217,"column":5}},"locations":[{"start":{"line":212,"column":76},"end":{"line":217,"column":5}}]},"35":{"type":"branch","line":218,"loc":{"start":{"line":218,"column":2},"end":{"line":233,"column":23}},"locations":[{"start":{"line":218,"column":2},"end":{"line":233,"column":23}}]},"36":{"type":"branch","line":233,"loc":{"start":{"line":233,"column":23},"end":{"line":238,"column":3}},"locations":[{"start":{"line":233,"column":23},"end":{"line":238,"column":3}}]},"37":{"type":"branch","line":234,"loc":{"start":{"line":234,"column":45},"end":{"line":237,"column":5}},"locations":[{"start":{"line":234,"column":45},"end":{"line":237,"column":5}}]},"38":{"type":"branch","line":235,"loc":{"start":{"line":235,"column":35},"end":{"line":235,"column":75}},"locations":[{"start":{"line":235,"column":35},"end":{"line":235,"column":75}}]},"39":{"type":"branch","line":235,"loc":{"start":{"line":235,"column":35},"end":{"line":237,"column":5}},"locations":[{"start":{"line":235,"column":35},"end":{"line":237,"column":5}}]},"40":{"type":"branch","line":238,"loc":{"start":{"line":238,"column":2},"end":{"line":242,"column":1}},"locations":[{"start":{"line":238,"column":2},"end":{"line":242,"column":1}}]},"41":{"type":"branch","line":248,"loc":{"start":{"line":248,"column":7},"end":{"line":258,"column":1}},"locations":[{"start":{"line":248,"column":7},"end":{"line":258,"column":1}}]},"42":{"type":"branch","line":252,"loc":{"start":{"line":252,"column":31},"end":{"line":256,"column":3}},"locations":[{"start":{"line":252,"column":31},"end":{"line":256,"column":3}}]},"43":{"type":"branch","line":254,"loc":{"start":{"line":254,"column":16},"end":{"line":254,"column":35}},"locations":[{"start":{"line":254,"column":16},"end":{"line":254,"column":35}}]},"44":{"type":"branch","line":254,"loc":{"start":{"line":254,"column":33},"end":{"line":255,"column":44}},"locations":[{"start":{"line":254,"column":33},"end":{"line":255,"column":44}}]}},"b":{"0":[51],"1":[31],"2":[32],"3":[35],"4":[3],"5":[32],"6":[1],"7":[31],"8":[32],"9":[21],"10":[2],"11":[19],"12":[2],"13":[0],"14":[17],"15":[3],"16":[14],"17":[32],"18":[21],"19":[19],"20":[2],"21":[0],"22":[2],"23":[32],"24":[31],"25":[6],"26":[6],"27":[5],"28":[1],"29":[25],"30":[2],"31":[34],"32":[38],"33":[37],"34":[2],"35":[32],"36":[29],"37":[11],"38":[5],"39":[6],"40":[32],"41":[11],"42":[20],"43":[1],"44":[19]},"fnMap":{"0":{"name":"slotKey","decl":{"start":{"line":28,"column":0},"end":{"line":30,"column":1}},"loc":{"start":{"line":28,"column":0},"end":{"line":30,"column":1}},"line":28},"1":{"name":"buildNewEvent","decl":{"start":{"line":33,"column":0},"end":{"line":46,"column":1}},"loc":{"start":{"line":33,"column":0},"end":{"line":46,"column":1}},"line":33},"2":{"name":"buildDesired","decl":{"start":{"line":62,"column":0},"end":{"line":95,"column":1}},"loc":{"start":{"line":62,"column":0},"end":{"line":95,"column":1}},"line":62},"3":{"name":"buildSelf","decl":{"start":{"line":109,"column":0},"end":{"line":129,"column":1}},"loc":{"start":{"line":109,"column":0},"end":{"line":129,"column":1}},"line":109},"4":{"name":"buildForeignSlots","decl":{"start":{"line":132,"column":0},"end":{"line":143,"column":1}},"loc":{"start":{"line":132,"column":0},"end":{"line":143,"column":1}},"line":132},"5":{"name":"diffDesired","decl":{"start":{"line":161,"column":0},"end":{"line":192,"column":1}},"loc":{"start":{"line":161,"column":0},"end":{"line":192,"column":1}},"line":161},"6":{"name":"planJobcanDayUpsert","decl":{"start":{"line":206,"column":7},"end":{"line":242,"column":1}},"loc":{"start":{"line":206,"column":7},"end":{"line":242,"column":1}},"line":206},"7":{"name":"groupEntriesByDate","decl":{"start":{"line":248,"column":7},"end":{"line":258,"column":1}},"loc":{"start":{"line":248,"column":7},"end":{"line":258,"column":1}},"line":248}},"f":{"0":51,"1":31,"2":32,"3":32,"4":32,"5":32,"6":34,"7":11}}
,"/Users/tanakarui/Documents/AI/management/packages/shift-management/src/server/google-calendar.ts": {"path":"/Users/tanakarui/Documents/AI/management/packages/shift-management/src/server/google-calendar.ts","all":false,"statementMap":{"0":{"start":{"line":1,"column":0},"end":{"line":1,"column":54}},"8":{"start":{"line":9,"column":0},"end":{"line":9,"column":38}},"9":{"start":{"line":10,"column":0},"end":{"line":10,"column":32}},"10":{"start":{"line":11,"column":0},"end":{"line":11,"column":33}},"11":{"start":{"line":12,"column":0},"end":{"line":12,"column":37}},"12":{"start":{"line":13,"column":0},"end":{"line":13,"column":36}},"13":{"start":{"line":14,"column":0},"end":{"line":14,"column":4}},"14":{"start":{"line":15,"column":0},"end":{"line":15,"column":1}},"16":{"start":{"line":17,"column":0},"end":{"line":17,"column":91}},"17":{"start":{"line":18,"column":0},"end":{"line":18,"column":33}},"18":{"start":{"line":19,"column":0},"end":{"line":19,"column":27}},"19":{"start":{"line":20,"column":0},"end":{"line":20,"column":22}},"20":{"start":{"line":21,"column":0},"end":{"line":21,"column":56}},"21":{"start":{"line":22,"column":0},"end":{"line":22,"column":10}},"22":{"start":{"line":23,"column":0},"end":{"line":23,"column":5}},"23":{"start":{"line":24,"column":0},"end":{"line":24,"column":1}},"29":{"start":{"line":30,"column":0},"end":{"line":30,"column":69}},"30":{"start":{"line":31,"column":0},"end":{"line":31,"column":38}},"31":{"start":{"line":32,"column":0},"end":{"line":32,"column":57}},"32":{"start":{"line":33,"column":0},"end":{"line":33,"column":58}},"33":{"start":{"line":34,"column":0},"end":{"line":34,"column":1}},"39":{"start":{"line":40,"column":0},"end":{"line":40,"column":40}},"40":{"start":{"line":41,"column":0},"end":{"line":41,"column":23}},"41":{"start":{"line":42,"column":0},"end":{"line":42,"column":21}},"42":{"start":{"line":43,"column":0},"end":{"line":43,"column":15}},"43":{"start":{"line":44,"column":0},"end":{"line":44,"column":29}},"44":{"start":{"line":45,"column":0},"end":{"line":45,"column":43}},"45":{"start":{"line":46,"column":0},"end":{"line":46,"column":43}},"46":{"start":{"line":47,"column":0},"end":{"line":47,"column":43}},"48":{"start":{"line":49,"column":0},"end":{"line":49,"column":37}},"49":{"start":{"line":50,"column":0},"end":{"line":50,"column":15}},"50":{"start":{"line":51,"column":0},"end":{"line":51,"column":12}},"51":{"start":{"line":52,"column":0},"end":{"line":52,"column":12}},"52":{"start":{"line":53,"column":0},"end":{"line":53,"column":23}},"53":{"start":{"line":54,"column":0},"end":{"line":54,"column":25}},"54":{"start":{"line":55,"column":0},"end":{"line":55,"column":5}},"56":{"start":{"line":57,"column":0},"end":{"line":57,"column":31}},"57":{"start":{"line":58,"column":0},"end":{"line":58,"column":56}},"58":{"start":{"line":59,"column":0},"end":{"line":59,"column":18}},"59":{"start":{"line":60,"column":0},"end":{"line":60,"column":16}},"60":{"start":{"line":61,"column":0},"end":{"line":61,"column":54}},"61":{"start":{"line":62,"column":0},"end":{"line":62,"column":11}},"62":{"start":{"line":63,"column":0},"end":{"line":63,"column":44}},"63":{"start":{"line":64,"column":0},"end":{"line":64,"column":40}},"64":{"start":{"line":65,"column":0},"end":{"line":65,"column":8}},"65":{"start":{"line":66,"column":0},"end":{"line":66,"column":1}},"68":{"start":{"line":69,"column":0},"end":{"line":69,"column":38}},"69":{"start":{"line":70,"column":0},"end":{"line":70,"column":26}},"70":{"start":{"line":71,"column":0},"end":{"line":71,"column":57}},"71":{"start":{"line":72,"column":0},"end":{"line":72,"column":105}},"72":{"start":{"line":73,"column":0},"end":{"line":73,"column":1}},"78":{"start":{"line":79,"column":0},"end":{"line":79,"column":34}},"79":{"start":{"line":80,"column":0},"end":{"line":80,"column":23}},"80":{"start":{"line":81,"column":0},"end":{"line":81,"column":21}},"81":{"start":{"line":82,"column":0},"end":{"line":82,"column":21}},"82":{"start":{"line":83,"column":0},"end":{"line":83,"column":69}},"83":{"start":{"line":84,"column":0},"end":{"line":84,"column":43}},"85":{"start":{"line":86,"column":0},"end":{"line":86,"column":23}},"86":{"start":{"line":87,"column":0},"end":{"line":87,"column":46}},"87":{"start":{"line":88,"column":0},"end":{"line":88,"column":53}},"88":{"start":{"line":89,"column":0},"end":{"line":89,"column":19}},"89":{"start":{"line":90,"column":0},"end":{"line":90,"column":3}},"91":{"start":{"line":92,"column":0},"end":{"line":92,"column":43}},"92":{"start":{"line":93,"column":0},"end":{"line":93,"column":20}},"93":{"start":{"line":94,"column":0},"end":{"line":94,"column":45}},"94":{"start":{"line":95,"column":0},"end":{"line":95,"column":17}},"95":{"start":{"line":96,"column":0},"end":{"line":96,"column":49}},"96":{"start":{"line":97,"column":0},"end":{"line":97,"column":7}},"97":{"start":{"line":98,"column":0},"end":{"line":98,"column":45}},"98":{"start":{"line":99,"column":0},"end":{"line":99,"column":3}},"100":{"start":{"line":101,"column":0},"end":{"line":101,"column":42}},"101":{"start":{"line":102,"column":0},"end":{"line":102,"column":1}},"108":{"start":{"line":109,"column":0},"end":{"line":109,"column":39}},"109":{"start":{"line":110,"column":0},"end":{"line":110,"column":26}},"110":{"start":{"line":111,"column":0},"end":{"line":111,"column":57}},"111":{"start":{"line":112,"column":0},"end":{"line":112,"column":33}},"112":{"start":{"line":113,"column":0},"end":{"line":113,"column":59}},"113":{"start":{"line":114,"column":0},"end":{"line":114,"column":56}},"114":{"start":{"line":115,"column":0},"end":{"line":115,"column":28}},"115":{"start":{"line":116,"column":0},"end":{"line":116,"column":1}},"124":{"start":{"line":125,"column":0},"end":{"line":125,"column":77}},"125":{"start":{"line":126,"column":0},"end":{"line":126,"column":25}},"126":{"start":{"line":127,"column":0},"end":{"line":127,"column":36}},"127":{"start":{"line":128,"column":0},"end":{"line":128,"column":32}},"128":{"start":{"line":129,"column":0},"end":{"line":129,"column":38}},"129":{"start":{"line":130,"column":0},"end":{"line":130,"column":10}},"130":{"start":{"line":131,"column":0},"end":{"line":131,"column":13}},"131":{"start":{"line":132,"column":0},"end":{"line":132,"column":65}},"132":{"start":{"line":133,"column":0},"end":{"line":133,"column":69}},"133":{"start":{"line":134,"column":0},"end":{"line":134,"column":27}},"134":{"start":{"line":135,"column":0},"end":{"line":135,"column":31}},"135":{"start":{"line":136,"column":0},"end":{"line":136,"column":27}},"136":{"start":{"line":137,"column":0},"end":{"line":137,"column":4}},"137":{"start":{"line":138,"column":0},"end":{"line":138,"column":1}},"143":{"start":{"line":144,"column":0},"end":{"line":144,"column":41}},"144":{"start":{"line":145,"column":0},"end":{"line":145,"column":23}},"145":{"start":{"line":146,"column":0},"end":{"line":146,"column":21}},"146":{"start":{"line":147,"column":0},"end":{"line":147,"column":20}},"147":{"start":{"line":148,"column":0},"end":{"line":148,"column":18}},"148":{"start":{"line":149,"column":0},"end":{"line":149,"column":29}},"149":{"start":{"line":150,"column":0},"end":{"line":150,"column":43}},"150":{"start":{"line":151,"column":0},"end":{"line":151,"column":48}},"151":{"start":{"line":152,"column":0},"end":{"line":152,"column":46}},"153":{"start":{"line":154,"column":0},"end":{"line":154,"column":37}},"154":{"start":{"line":155,"column":0},"end":{"line":155,"column":36}},"155":{"start":{"line":156,"column":0},"end":{"line":156,"column":6}},"156":{"start":{"line":157,"column":0},"end":{"line":157,"column":39}},"157":{"start":{"line":158,"column":0},"end":{"line":158,"column":17}},"158":{"start":{"line":159,"column":0},"end":{"line":159,"column":14}},"159":{"start":{"line":160,"column":0},"end":{"line":160,"column":14}},"160":{"start":{"line":161,"column":0},"end":{"line":161,"column":25}},"161":{"start":{"line":162,"column":0},"end":{"line":162,"column":27}},"162":{"start":{"line":163,"column":0},"end":{"line":163,"column":23}},"163":{"start":{"line":164,"column":0},"end":{"line":164,"column":16}},"164":{"start":{"line":165,"column":0},"end":{"line":165,"column":7}},"165":{"start":{"line":166,"column":0},"end":{"line":166,"column":46}},"166":{"start":{"line":167,"column":0},"end":{"line":167,"column":47}},"167":{"start":{"line":168,"column":0},"end":{"line":168,"column":46}},"168":{"start":{"line":169,"column":0},"end":{"line":169,"column":5}},"169":{"start":{"line":170,"column":0},"end":{"line":170,"column":52}},"170":{"start":{"line":171,"column":0},"end":{"line":171,"column":22}},"172":{"start":{"line":173,"column":0},"end":{"line":173,"column":16}},"173":{"start":{"line":174,"column":0},"end":{"line":174,"column":1}},"176":{"start":{"line":177,"column":0},"end":{"line":177,"column":44}},"177":{"start":{"line":178,"column":0},"end":{"line":178,"column":60}},"178":{"start":{"line":179,"column":0},"end":{"line":179,"column":78}},"179":{"start":{"line":180,"column":0},"end":{"line":180,"column":74}},"180":{"start":{"line":181,"column":0},"end":{"line":181,"column":1}},"190":{"start":{"line":191,"column":0},"end":{"line":191,"column":31}},"191":{"start":{"line":192,"column":0},"end":{"line":192,"column":28}},"192":{"start":{"line":193,"column":0},"end":{"line":193,"column":21}},"193":{"start":{"line":194,"column":0},"end":{"line":194,"column":18}},"194":{"start":{"line":195,"column":0},"end":{"line":195,"column":17}},"195":{"start":{"line":196,"column":0},"end":{"line":196,"column":28}},"196":{"start":{"line":197,"column":0},"end":{"line":197,"column":7}},"197":{"start":{"line":198,"column":0},"end":{"line":198,"column":62}},"198":{"start":{"line":199,"column":0},"end":{"line":199,"column":54}},"199":{"start":{"line":200,"column":0},"end":{"line":200,"column":72}},"200":{"start":{"line":201,"column":0},"end":{"line":201,"column":19}},"201":{"start":{"line":202,"column":0},"end":{"line":202,"column":5}},"202":{"start":{"line":203,"column":0},"end":{"line":203,"column":22}},"203":{"start":{"line":204,"column":0},"end":{"line":204,"column":26}},"204":{"start":{"line":205,"column":0},"end":{"line":205,"column":39}},"205":{"start":{"line":206,"column":0},"end":{"line":206,"column":14}},"206":{"start":{"line":207,"column":0},"end":{"line":207,"column":3}},"207":{"start":{"line":208,"column":0},"end":{"line":208,"column":1}},"214":{"start":{"line":215,"column":0},"end":{"line":215,"column":43}},"215":{"start":{"line":216,"column":0},"end":{"line":216,"column":23}},"216":{"start":{"line":217,"column":0},"end":{"line":217,"column":21}},"217":{"start":{"line":218,"column":0},"end":{"line":218,"column":24}},"218":{"start":{"line":219,"column":0},"end":{"line":219,"column":22}},"219":{"start":{"line":220,"column":0},"end":{"line":220,"column":65}},"220":{"start":{"line":221,"column":0},"end":{"line":221,"column":43}},"221":{"start":{"line":222,"column":0},"end":{"line":222,"column":48}},"223":{"start":{"line":224,"column":0},"end":{"line":224,"column":23}},"224":{"start":{"line":225,"column":0},"end":{"line":225,"column":46}},"225":{"start":{"line":226,"column":0},"end":{"line":226,"column":74}},"226":{"start":{"line":227,"column":0},"end":{"line":227,"column":68}},"227":{"start":{"line":228,"column":0},"end":{"line":228,"column":53}},"228":{"start":{"line":229,"column":0},"end":{"line":229,"column":19}},"229":{"start":{"line":230,"column":0},"end":{"line":230,"column":3}},"231":{"start":{"line":232,"column":0},"end":{"line":232,"column":39}},"232":{"start":{"line":233,"column":0},"end":{"line":233,"column":36}},"233":{"start":{"line":234,"column":0},"end":{"line":234,"column":45}},"234":{"start":{"line":235,"column":0},"end":{"line":235,"column":17}},"235":{"start":{"line":236,"column":0},"end":{"line":236,"column":42}},"236":{"start":{"line":237,"column":0},"end":{"line":237,"column":7}},"237":{"start":{"line":238,"column":0},"end":{"line":238,"column":63}},"238":{"start":{"line":239,"column":0},"end":{"line":239,"column":3}},"240":{"start":{"line":241,"column":0},"end":{"line":241,"column":43}},"241":{"start":{"line":242,"column":0},"end":{"line":242,"column":1}},"244":{"start":{"line":245,"column":0},"end":{"line":245,"column":26}},"245":{"start":{"line":246,"column":0},"end":{"line":246,"column":21}},"246":{"start":{"line":247,"column":0},"end":{"line":247,"column":29}},"247":{"start":{"line":248,"column":0},"end":{"line":248,"column":10}},"248":{"start":{"line":249,"column":0},"end":{"line":249,"column":26}},"249":{"start":{"line":250,"column":0},"end":{"line":250,"column":34}},"250":{"start":{"line":251,"column":0},"end":{"line":251,"column":12}},"251":{"start":{"line":252,"column":0},"end":{"line":252,"column":52}},"252":{"start":{"line":253,"column":0},"end":{"line":253,"column":29}},"253":{"start":{"line":254,"column":0},"end":{"line":254,"column":6}},"254":{"start":{"line":255,"column":0},"end":{"line":255,"column":10}},"255":{"start":{"line":256,"column":0},"end":{"line":256,"column":50}},"256":{"start":{"line":257,"column":0},"end":{"line":257,"column":29}},"257":{"start":{"line":258,"column":0},"end":{"line":258,"column":6}},"258":{"start":{"line":259,"column":0},"end":{"line":259,"column":25}},"259":{"start":{"line":260,"column":0},"end":{"line":260,"column":16}},"260":{"start":{"line":261,"column":0},"end":{"line":261,"column":30}},"261":{"start":{"line":262,"column":0},"end":{"line":262,"column":34}},"262":{"start":{"line":263,"column":0},"end":{"line":263,"column":8}},"263":{"start":{"line":264,"column":0},"end":{"line":264,"column":6}},"264":{"start":{"line":265,"column":0},"end":{"line":265,"column":4}},"265":{"start":{"line":266,"column":0},"end":{"line":266,"column":1}}},"s":{"0":1,"8":1,"9":13,"10":13,"11":13,"12":13,"13":13,"14":13,"16":1,"17":0,"18":0,"19":0,"20":0,"21":0,"22":0,"23":0,"29":13,"30":13,"31":13,"32":13,"33":13,"39":0,"40":0,"41":0,"42":0,"43":0,"44":0,"45":0,"46":0,"48":0,"49":0,"50":0,"51":0,"52":0,"53":0,"54":0,"56":0,"57":0,"58":0,"59":0,"60":0,"61":0,"62":0,"63":0,"64":0,"65":0,"68":14,"69":14,"70":14,"71":14,"72":14,"78":0,"79":0,"80":0,"81":0,"82":0,"83":0,"85":0,"86":0,"87":0,"88":0,"89":0,"91":0,"92":0,"93":0,"94":0,"95":0,"96":0,"97":0,"98":0,"100":0,"101":0,"108":7,"109":7,"110":7,"111":7,"112":7,"113":7,"114":7,"115":7,"124":8,"125":8,"126":8,"127":8,"128":8,"129":7,"130":7,"131":8,"132":8,"133":8,"134":8,"135":8,"136":8,"137":8,"143":7,"144":7,"145":7,"146":7,"147":7,"148":7,"149":7,"150":7,"151":7,"153":7,"154":7,"155":7,"156":8,"157":8,"158":8,"159":8,"160":8,"161":8,"162":8,"163":8,"164":8,"165":8,"166":8,"167":8,"168":8,"169":8,"170":7,"172":7,"173":7,"176":2,"177":2,"178":2,"179":2,"180":2,"190":5,"191":5,"192":5,"193":5,"194":5,"195":5,"196":5,"197":5,"198":3,"199":5,"200":1,"201":1,"202":2,"203":2,"204":2,"205":1,"206":1,"207":5,"214":6,"215":6,"216":6,"217":6,"218":6,"219":6,"220":6,"221":6,"223":6,"224":6,"225":5,"226":4,"227":1,"228":1,"229":1,"231":5,"232":6,"233":3,"234":3,"235":3,"236":3,"237":3,"238":3,"240":5,"241":5,"244":3,"245":3,"246":3,"247":3,"248":3,"249":3,"250":3,"251":3,"252":3,"253":3,"254":3,"255":3,"256":3,"257":3,"258":3,"259":3,"260":3,"261":3,"262":3,"263":3,"264":3,"265":3},"branchMap":{"0":{"type":"branch","line":9,"loc":{"start":{"line":9,"column":7},"end":{"line":15,"column":1}},"locations":[{"start":{"line":9,"column":7},"end":{"line":15,"column":1}}]},"1":{"type":"branch","line":30,"loc":{"start":{"line":30,"column":0},"end":{"line":34,"column":1}},"locations":[{"start":{"line":30,"column":0},"end":{"line":34,"column":1}}]},"2":{"type":"branch","line":69,"loc":{"start":{"line":69,"column":0},"end":{"line":73,"column":1}},"locations":[{"start":{"line":69,"column":0},"end":{"line":73,"column":1}}]},"3":{"type":"branch","line":109,"loc":{"start":{"line":109,"column":0},"end":{"line":116,"column":1}},"locations":[{"start":{"line":109,"column":0},"end":{"line":116,"column":1}}]},"4":{"type":"branch","line":125,"loc":{"start":{"line":125,"column":0},"end":{"line":138,"column":1}},"locations":[{"start":{"line":125,"column":0},"end":{"line":138,"column":1}}]},"5":{"type":"branch","line":126,"loc":{"start":{"line":126,"column":13},"end":{"line":126,"column":25}},"locations":[{"start":{"line":126,"column":13},"end":{"line":126,"column":25}}]},"6":{"type":"branch","line":129,"loc":{"start":{"line":129,"column":7},"end":{"line":129,"column":26}},"locations":[{"start":{"line":129,"column":7},"end":{"line":129,"column":26}}]},"7":{"type":"branch","line":129,"loc":{"start":{"line":129,"column":26},"end":{"line":129,"column":38}},"locations":[{"start":{"line":129,"column":26},"end":{"line":129,"column":38}}]},"8":{"type":"branch","line":129,"loc":{"start":{"line":129,"column":33},"end":{"line":132,"column":35}},"locations":[{"start":{"line":129,"column":33},"end":{"line":132,"column":35}}]},"9":{"type":"branch","line":132,"loc":{"start":{"line":132,"column":15},"end":{"line":132,"column":55}},"locations":[{"start":{"line":132,"column":15},"end":{"line":132,"column":55}}]},"10":{"type":"branch","line":132,"loc":{"start":{"line":132,"column":44},"end":{"line":132,"column":65}},"locations":[{"start":{"line":132,"column":44},"end":{"line":132,"column":65}}]},"11":{"type":"branch","line":133,"loc":{"start":{"line":133,"column":17},"end":{"line":133,"column":59}},"locations":[{"start":{"line":133,"column":17},"end":{"line":133,"column":59}}]},"12":{"type":"branch","line":133,"loc":{"start":{"line":133,"column":46},"end":{"line":133,"column":69}},"locations":[{"start":{"line":133,"column":46},"end":{"line":133,"column":69}}]},"13":{"type":"branch","line":144,"loc":{"start":{"line":144,"column":0},"end":{"line":174,"column":1}},"locations":[{"start":{"line":144,"column":0},"end":{"line":174,"column":1}}]},"14":{"type":"branch","line":156,"loc":{"start":{"line":156,"column":5},"end":{"line":171,"column":11}},"locations":[{"start":{"line":156,"column":5},"end":{"line":171,"column":11}}]},"15":{"type":"branch","line":166,"loc":{"start":{"line":166,"column":32},"end":{"line":166,"column":45}},"locations":[{"start":{"line":166,"column":32},"end":{"line":166,"column":45}}]},"16":{"type":"branch","line":168,"loc":{"start":{"line":168,"column":22},"end":{"line":168,"column":46}},"locations":[{"start":{"line":168,"column":22},"end":{"line":168,"column":46}}]},"17":{"type":"branch","line":170,"loc":{"start":{"line":170,"column":25},"end":{"line":170,"column":52}},"locations":[{"start":{"line":170,"column":25},"end":{"line":170,"column":52}}]},"18":{"type":"branch","line":177,"loc":{"start":{"line":177,"column":0},"end":{"line":181,"column":1}},"locations":[{"start":{"line":177,"column":0},"end":{"line":181,"column":1}}]},"19":{"type":"branch","line":178,"loc":{"start":{"line":178,"column":47},"end":{"line":178,"column":60}},"locations":[{"start":{"line":178,"column":47},"end":{"line":178,"column":60}}]},"20":{"type":"branch","line":180,"loc":{"start":{"line":180,"column":20},"end":{"line":180,"column":47}},"locations":[{"start":{"line":180,"column":20},"end":{"line":180,"column":47}}]},"21":{"type":"branch","line":180,"loc":{"start":{"line":180,"column":38},"end":{"line":180,"column":74}},"locations":[{"start":{"line":180,"column":38},"end":{"line":180,"column":74}}]},"22":{"type":"branch","line":180,"loc":{"start":{"line":180,"column":49},"end":{"line":180,"column":70}},"locations":[{"start":{"line":180,"column":49},"end":{"line":180,"column":70}}]},"23":{"type":"branch","line":191,"loc":{"start":{"line":191,"column":0},"end":{"line":208,"column":1}},"locations":[{"start":{"line":191,"column":0},"end":{"line":208,"column":1}}]},"24":{"type":"branch","line":198,"loc":{"start":{"line":198,"column":60},"end":{"line":199,"column":54}},"locations":[{"start":{"line":198,"column":60},"end":{"line":199,"column":54}}]},"25":{"type":"branch","line":200,"loc":{"start":{"line":200,"column":8},"end":{"line":200,"column":28}},"locations":[{"start":{"line":200,"column":8},"end":{"line":200,"column":28}}]},"26":{"type":"branch","line":200,"loc":{"start":{"line":200,"column":28},"end":{"line":200,"column":71}},"locations":[{"start":{"line":200,"column":28},"end":{"line":200,"column":71}}]},"27":{"type":"branch","line":200,"loc":{"start":{"line":200,"column":71},"end":{"line":202,"column":5}},"locations":[{"start":{"line":200,"column":71},"end":{"line":202,"column":5}}]},"28":{"type":"branch","line":202,"loc":{"start":{"line":202,"column":4},"end":{"line":207,"column":3}},"locations":[{"start":{"line":202,"column":4},"end":{"line":207,"column":3}}]},"29":{"type":"branch","line":205,"loc":{"start":{"line":205,"column":25},"end":{"line":207,"column":3}},"locations":[{"start":{"line":205,"column":25},"end":{"line":207,"column":3}}]},"30":{"type":"branch","line":215,"loc":{"start":{"line":215,"column":0},"end":{"line":242,"column":1}},"locations":[{"start":{"line":215,"column":0},"end":{"line":242,"column":1}}]},"31":{"type":"branch","line":225,"loc":{"start":{"line":225,"column":45},"end":{"line":233,"column":35}},"locations":[{"start":{"line":225,"column":45},"end":{"line":233,"column":35}}]},"32":{"type":"branch","line":226,"loc":{"start":{"line":226,"column":72},"end":{"line":227,"column":68}},"locations":[{"start":{"line":226,"column":72},"end":{"line":227,"column":68}}]},"33":{"type":"branch","line":227,"loc":{"start":{"line":227,"column":25},"end":{"line":227,"column":68}},"locations":[{"start":{"line":227,"column":25},"end":{"line":227,"column":68}}]},"34":{"type":"branch","line":227,"loc":{"start":{"line":227,"column":25},"end":{"line":230,"column":3}},"locations":[{"start":{"line":227,"column":25},"end":{"line":230,"column":3}}]},"35":{"type":"branch","line":233,"loc":{"start":{"line":233,"column":35},"end":{"line":239,"column":3}},"locations":[{"start":{"line":233,"column":35},"end":{"line":239,"column":3}}]},"36":{"type":"branch","line":239,"loc":{"start":{"line":239,"column":2},"end":{"line":242,"column":1}},"locations":[{"start":{"line":239,"column":2},"end":{"line":242,"column":1}}]},"37":{"type":"branch","line":245,"loc":{"start":{"line":245,"column":0},"end":{"line":266,"column":1}},"locations":[{"start":{"line":245,"column":0},"end":{"line":266,"column":1}}]}},"b":{"0":[13],"1":[13],"2":[14],"3":[7],"4":[8],"5":[0],"6":[7],"7":[1],"8":[7],"9":[1],"10":[6],"11":[1],"12":[6],"13":[7],"14":[8],"15":[0],"16":[7],"17":[7],"18":[2],"19":[0],"20":[1],"21":[1],"22":[0],"23":[5],"24":[3],"25":[3],"26":[2],"27":[1],"28":[2],"29":[1],"30":[6],"31":[5],"32":[4],"33":[3],"34":[1],"35":[3],"36":[5],"37":[3]},"fnMap":{"0":{"name":"createOAuth2Client","decl":{"start":{"line":9,"column":7},"end":{"line":15,"column":1}},"loc":{"start":{"line":9,"column":7},"end":{"line":15,"column":1}},"line":9},"1":{"name":"getAuthUrl","decl":{"start":{"line":17,"column":7},"end":{"line":24,"column":1}},"loc":{"start":{"line":17,"column":7},"end":{"line":24,"column":1}},"line":17},"2":{"name":"calendarClient","decl":{"start":{"line":30,"column":0},"end":{"line":34,"column":1}},"loc":{"start":{"line":30,"column":0},"end":{"line":34,"column":1}},"line":30},"3":{"name":"listEventsForDate","decl":{"start":{"line":40,"column":0},"end":{"line":66,"column":1}},"loc":{"start":{"line":40,"column":0},"end":{"line":66,"column":1}},"line":40},"4":{"name":"fmtISO","decl":{"start":{"line":69,"column":0},"end":{"line":73,"column":1}},"loc":{"start":{"line":69,"column":0},"end":{"line":73,"column":1}},"line":69},"5":{"name":"executePlan","decl":{"start":{"line":79,"column":0},"end":{"line":102,"column":1}},"loc":{"start":{"line":79,"column":0},"end":{"line":102,"column":1}},"line":79},"6":{"name":"jstDate","decl":{"start":{"line":109,"column":0},"end":{"line":116,"column":1}},"loc":{"start":{"line":109,"column":0},"end":{"line":116,"column":1}},"line":109},"7":{"name":"toExistingEvent","decl":{"start":{"line":125,"column":0},"end":{"line":138,"column":1}},"loc":{"start":{"line":125,"column":0},"end":{"line":138,"column":1}},"line":125},"8":{"name":"listEventsForRange","decl":{"start":{"line":144,"column":0},"end":{"line":174,"column":1}},"loc":{"start":{"line":144,"column":0},"end":{"line":174,"column":1}},"line":144},"9":{"name":"isNotFound","decl":{"start":{"line":177,"column":0},"end":{"line":181,"column":1}},"loc":{"start":{"line":177,"column":0},"end":{"line":181,"column":1}},"line":177},"10":{"name":"verifyOwnership","decl":{"start":{"line":191,"column":0},"end":{"line":208,"column":1}},"loc":{"start":{"line":191,"column":0},"end":{"line":208,"column":1}},"line":191},"11":{"name":"executeJobcanDayPlan","decl":{"start":{"line":215,"column":0},"end":{"line":242,"column":1}},"loc":{"start":{"line":215,"column":0},"end":{"line":242,"column":1}},"line":215},"12":{"name":"buildGoogleEvent","decl":{"start":{"line":245,"column":0},"end":{"line":266,"column":1}},"loc":{"start":{"line":245,"column":0},"end":{"line":266,"column":1}},"line":245}},"f":{"0":13,"1":0,"2":13,"3":0,"4":14,"5":0,"6":7,"7":8,"8":7,"9":2,"10":5,"11":6,"12":3}}
,"/Users/tanakarui/Documents/AI/management/packages/shift-management/src/server/jobcan-pipeline.ts": {"path":"/Users/tanakarui/Documents/AI/management/packages/shift-management/src/server/jobcan-pipeline.ts","all":false,"statementMap":{"0":{"start":{"line":1,"column":0},"end":{"line":1,"column":8}},"8":{"start":{"line":9,"column":0},"end":{"line":9,"column":77}},"27":{"start":{"line":28,"column":0},"end":{"line":28,"column":41}},"28":{"start":{"line":29,"column":0},"end":{"line":29,"column":21}},"29":{"start":{"line":30,"column":0},"end":{"line":30,"column":39}},"30":{"start":{"line":31,"column":0},"end":{"line":31,"column":2}},"54":{"start":{"line":55,"column":0},"end":{"line":55,"column":48}},"55":{"start":{"line":56,"column":0},"end":{"line":56,"column":58}},"56":{"start":{"line":57,"column":0},"end":{"line":57,"column":1}},"59":{"start":{"line":60,"column":0},"end":{"line":60,"column":22}},"60":{"start":{"line":61,"column":0},"end":{"line":61,"column":27}},"61":{"start":{"line":62,"column":0},"end":{"line":62,"column":23}},"62":{"start":{"line":63,"column":0},"end":{"line":63,"column":21}},"63":{"start":{"line":64,"column":0},"end":{"line":64,"column":24}},"64":{"start":{"line":65,"column":0},"end":{"line":65,"column":22}},"65":{"start":{"line":66,"column":0},"end":{"line":66,"column":18}},"66":{"start":{"line":67,"column":0},"end":{"line":67,"column":29}},"67":{"start":{"line":68,"column":0},"end":{"line":68,"column":15}},"68":{"start":{"line":69,"column":0},"end":{"line":69,"column":52}},"69":{"start":{"line":70,"column":0},"end":{"line":70,"column":3}},"70":{"start":{"line":71,"column":0},"end":{"line":71,"column":7}},"71":{"start":{"line":72,"column":0},"end":{"line":72,"column":84}},"72":{"start":{"line":73,"column":0},"end":{"line":73,"column":46}},"73":{"start":{"line":74,"column":0},"end":{"line":74,"column":26}},"74":{"start":{"line":75,"column":0},"end":{"line":75,"column":81}},"75":{"start":{"line":76,"column":0},"end":{"line":76,"column":3}},"76":{"start":{"line":77,"column":0},"end":{"line":77,"column":1}},"79":{"start":{"line":80,"column":0},"end":{"line":80,"column":80}},"80":{"start":{"line":81,"column":0},"end":{"line":81,"column":49}},"81":{"start":{"line":82,"column":0},"end":{"line":82,"column":29}},"82":{"start":{"line":83,"column":0},"end":{"line":83,"column":35}},"83":{"start":{"line":84,"column":0},"end":{"line":84,"column":31}},"84":{"start":{"line":85,"column":0},"end":{"line":85,"column":30}},"85":{"start":{"line":86,"column":0},"end":{"line":86,"column":3}},"86":{"start":{"line":87,"column":0},"end":{"line":87,"column":13}},"87":{"start":{"line":88,"column":0},"end":{"line":88,"column":1}},"102":{"start":{"line":103,"column":0},"end":{"line":103,"column":41}},"103":{"start":{"line":104,"column":0},"end":{"line":104,"column":24}},"104":{"start":{"line":105,"column":0},"end":{"line":105,"column":23}},"105":{"start":{"line":106,"column":0},"end":{"line":106,"column":21}},"106":{"start":{"line":107,"column":0},"end":{"line":107,"column":34}},"107":{"start":{"line":108,"column":0},"end":{"line":108,"column":41}},"108":{"start":{"line":109,"column":0},"end":{"line":109,"column":35}},"110":{"start":{"line":111,"column":0},"end":{"line":111,"column":29}},"111":{"start":{"line":112,"column":0},"end":{"line":112,"column":92}},"112":{"start":{"line":113,"column":0},"end":{"line":113,"column":3}},"115":{"start":{"line":116,"column":0},"end":{"line":116,"column":41}},"116":{"start":{"line":117,"column":0},"end":{"line":117,"column":45}},"117":{"start":{"line":118,"column":0},"end":{"line":118,"column":28}},"118":{"start":{"line":119,"column":0},"end":{"line":119,"column":36}},"119":{"start":{"line":120,"column":0},"end":{"line":120,"column":22}},"120":{"start":{"line":121,"column":0},"end":{"line":121,"column":101}},"121":{"start":{"line":122,"column":0},"end":{"line":122,"column":8}},"122":{"start":{"line":123,"column":0},"end":{"line":123,"column":5}},"123":{"start":{"line":124,"column":0},"end":{"line":124,"column":40}},"124":{"start":{"line":125,"column":0},"end":{"line":125,"column":22}},"125":{"start":{"line":126,"column":0},"end":{"line":126,"column":108}},"126":{"start":{"line":127,"column":0},"end":{"line":127,"column":8}},"127":{"start":{"line":128,"column":0},"end":{"line":128,"column":5}},"128":{"start":{"line":129,"column":0},"end":{"line":129,"column":3}},"131":{"start":{"line":132,"column":0},"end":{"line":132,"column":45}},"132":{"start":{"line":133,"column":0},"end":{"line":133,"column":42}},"133":{"start":{"line":134,"column":0},"end":{"line":134,"column":27}},"134":{"start":{"line":135,"column":0},"end":{"line":135,"column":42}},"137":{"start":{"line":138,"column":0},"end":{"line":138,"column":93}},"138":{"start":{"line":139,"column":0},"end":{"line":139,"column":48}},"140":{"start":{"line":141,"column":0},"end":{"line":141,"column":37}},"143":{"start":{"line":144,"column":0},"end":{"line":144,"column":44}},"144":{"start":{"line":145,"column":0},"end":{"line":145,"column":54}},"145":{"start":{"line":146,"column":0},"end":{"line":146,"column":55}},"146":{"start":{"line":147,"column":0},"end":{"line":147,"column":67}},"147":{"start":{"line":148,"column":0},"end":{"line":148,"column":87}},"148":{"start":{"line":149,"column":0},"end":{"line":149,"column":3}},"151":{"start":{"line":152,"column":0},"end":{"line":152,"column":43}},"152":{"start":{"line":153,"column":0},"end":{"line":153,"column":55}},"153":{"start":{"line":154,"column":0},"end":{"line":154,"column":58}},"154":{"start":{"line":155,"column":0},"end":{"line":155,"column":68}},"155":{"start":{"line":156,"column":0},"end":{"line":156,"column":44}},"156":{"start":{"line":157,"column":0},"end":{"line":157,"column":39}},"157":{"start":{"line":158,"column":0},"end":{"line":158,"column":69}},"158":{"start":{"line":159,"column":0},"end":{"line":159,"column":8}},"159":{"start":{"line":160,"column":0},"end":{"line":160,"column":44}},"160":{"start":{"line":161,"column":0},"end":{"line":161,"column":56}},"161":{"start":{"line":162,"column":0},"end":{"line":162,"column":61}},"162":{"start":{"line":163,"column":0},"end":{"line":163,"column":89}},"163":{"start":{"line":164,"column":0},"end":{"line":164,"column":5}},"164":{"start":{"line":165,"column":0},"end":{"line":165,"column":3}},"166":{"start":{"line":167,"column":0},"end":{"line":167,"column":78}},"167":{"start":{"line":168,"column":0},"end":{"line":168,"column":1}}},"s":{"0":1,"8":1,"27":1,"28":1,"29":1,"30":1,"54":1,"55":1,"56":1,"59":18,"60":18,"61":18,"62":18,"63":18,"64":18,"65":18,"66":18,"67":18,"68":2,"69":2,"70":16,"71":16,"72":15,"73":18,"74":1,"75":1,"76":18,"79":9,"80":9,"81":9,"82":7,"83":7,"84":7,"85":7,"86":9,"87":9,"102":12,"103":12,"104":12,"105":12,"106":12,"107":12,"108":12,"110":12,"111":1,"112":1,"115":11,"116":11,"117":12,"118":21,"119":1,"120":1,"121":1,"122":1,"123":21,"124":1,"125":1,"126":1,"127":1,"128":21,"131":9,"132":9,"133":9,"134":9,"137":9,"138":9,"140":9,"143":12,"144":17,"145":17,"146":17,"147":17,"148":17,"151":12,"152":3,"153":3,"154":3,"155":2,"156":2,"157":2,"158":2,"159":2,"160":1,"161":1,"162":1,"163":1,"164":3,"166":9,"167":9},"branchMap":{"0":{"type":"branch","line":55,"loc":{"start":{"line":55,"column":0},"end":{"line":57,"column":1}},"locations":[{"start":{"line":55,"column":0},"end":{"line":57,"column":1}}]},"1":{"type":"branch","line":56,"loc":{"start":{"line":56,"column":36},"end":{"line":56,"column":58}},"locations":[{"start":{"line":56,"column":36},"end":{"line":56,"column":58}}]},"2":{"type":"branch","line":60,"loc":{"start":{"line":60,"column":0},"end":{"line":77,"column":1}},"locations":[{"start":{"line":60,"column":0},"end":{"line":77,"column":1}}]},"3":{"type":"branch","line":68,"loc":{"start":{"line":68,"column":14},"end":{"line":70,"column":3}},"locations":[{"start":{"line":68,"column":14},"end":{"line":70,"column":3}}]},"4":{"type":"branch","line":70,"loc":{"start":{"line":70,"column":2},"end":{"line":72,"column":84}},"locations":[{"start":{"line":70,"column":2},"end":{"line":72,"column":84}}]},"5":{"type":"branch","line":72,"loc":{"start":{"line":72,"column":82},"end":{"line":74,"column":11}},"locations":[{"start":{"line":72,"column":82},"end":{"line":74,"column":11}}]},"6":{"type":"branch","line":74,"loc":{"start":{"line":74,"column":2},"end":{"line":76,"column":3}},"locations":[{"start":{"line":74,"column":2},"end":{"line":76,"column":3}}]},"7":{"type":"branch","line":80,"loc":{"start":{"line":80,"column":0},"end":{"line":88,"column":1}},"locations":[{"start":{"line":80,"column":0},"end":{"line":88,"column":1}}]},"8":{"type":"branch","line":82,"loc":{"start":{"line":82,"column":28},"end":{"line":86,"column":3}},"locations":[{"start":{"line":82,"column":28},"end":{"line":86,"column":3}}]},"9":{"type":"branch","line":84,"loc":{"start":{"line":84,"column":16},"end":{"line":84,"column":31}},"locations":[{"start":{"line":84,"column":16},"end":{"line":84,"column":31}}]},"10":{"type":"branch","line":103,"loc":{"start":{"line":103,"column":0},"end":{"line":168,"column":1}},"locations":[{"start":{"line":103,"column":0},"end":{"line":168,"column":1}}]},"11":{"type":"branch","line":111,"loc":{"start":{"line":111,"column":28},"end":{"line":113,"column":3}},"locations":[{"start":{"line":111,"column":28},"end":{"line":113,"column":3}}]},"12":{"type":"branch","line":113,"loc":{"start":{"line":113,"column":2},"end":{"line":118,"column":27}},"locations":[{"start":{"line":113,"column":2},"end":{"line":118,"column":27}}]},"13":{"type":"branch","line":118,"loc":{"start":{"line":118,"column":27},"end":{"line":129,"column":3}},"locations":[{"start":{"line":118,"column":27},"end":{"line":129,"column":3}}]},"14":{"type":"branch","line":119,"loc":{"start":{"line":119,"column":35},"end":{"line":123,"column":5}},"locations":[{"start":{"line":119,"column":35},"end":{"line":123,"column":5}}]},"15":{"type":"branch","line":123,"loc":{"start":{"line":123,"column":4},"end":{"line":124,"column":39}},"locations":[{"start":{"line":123,"column":4},"end":{"line":124,"column":39}}]},"16":{"type":"branch","line":124,"loc":{"start":{"line":124,"column":39},"end":{"line":128,"column":5}},"locations":[{"start":{"line":124,"column":39},"end":{"line":128,"column":5}}]},"17":{"type":"branch","line":129,"loc":{"start":{"line":129,"column":2},"end":{"line":144,"column":43}},"locations":[{"start":{"line":129,"column":2},"end":{"line":144,"column":43}}]},"18":{"type":"branch","line":144,"loc":{"start":{"line":144,"column":43},"end":{"line":149,"column":3}},"locations":[{"start":{"line":144,"column":43},"end":{"line":149,"column":3}}]},"19":{"type":"branch","line":146,"loc":{"start":{"line":146,"column":47},"end":{"line":146,"column":55}},"locations":[{"start":{"line":146,"column":47},"end":{"line":146,"column":55}}]},"20":{"type":"branch","line":149,"loc":{"start":{"line":149,"column":2},"end":{"line":152,"column":42}},"locations":[{"start":{"line":149,"column":2},"end":{"line":152,"column":42}}]},"21":{"type":"branch","line":152,"loc":{"start":{"line":152,"column":42},"end":{"line":165,"column":3}},"locations":[{"start":{"line":152,"column":42},"end":{"line":165,"column":3}}]},"22":{"type":"branch","line":154,"loc":{"start":{"line":154,"column":28},"end":{"line":154,"column":58}},"locations":[{"start":{"line":154,"column":28},"end":{"line":154,"column":58}}]},"23":{"type":"branch","line":155,"loc":{"start":{"line":155,"column":44},"end":{"line":155,"column":68}},"locations":[{"start":{"line":155,"column":44},"end":{"line":155,"column":68}}]},"24":{"type":"branch","line":155,"loc":{"start":{"line":155,"column":44},"end":{"line":160,"column":44}},"locations":[{"start":{"line":155,"column":44},"end":{"line":160,"column":44}}]},"25":{"type":"branch","line":160,"loc":{"start":{"line":160,"column":20},"end":{"line":164,"column":5}},"locations":[{"start":{"line":160,"column":20},"end":{"line":164,"column":5}}]},"26":{"type":"branch","line":165,"loc":{"start":{"line":165,"column":2},"end":{"line":168,"column":1}},"locations":[{"start":{"line":165,"column":2},"end":{"line":168,"column":1}}]},"27":{"type":"branch","line":158,"loc":{"start":{"line":158,"column":8},"end":{"line":158,"column":69}},"locations":[{"start":{"line":158,"column":8},"end":{"line":158,"column":69}}]},"28":{"type":"branch","line":158,"loc":{"start":{"line":158,"column":31},"end":{"line":158,"column":69}},"locations":[{"start":{"line":158,"column":31},"end":{"line":158,"column":69}}]}},"b":{"0":[1],"1":[0],"2":[18],"3":[2],"4":[16],"5":[15],"6":[1],"7":[9],"8":[7],"9":[0],"10":[12],"11":[1],"12":[11],"13":[21],"14":[1],"15":[20],"16":[1],"17":[9],"18":[17],"19":[16],"20":[9],"21":[3],"22":[0],"23":[1],"24":[2],"25":[1],"26":[9],"27":[2],"28":[1]},"fnMap":{"0":{"name":"getErrorMessage","decl":{"start":{"line":55,"column":0},"end":{"line":57,"column":1}},"loc":{"start":{"line":55,"column":0},"end":{"line":57,"column":1}},"line":55},"1":{"name":"runDay","decl":{"start":{"line":60,"column":0},"end":{"line":77,"column":1}},"loc":{"start":{"line":60,"column":0},"end":{"line":77,"column":1}},"line":60},"2":{"name":"bucketByDate","decl":{"start":{"line":80,"column":0},"end":{"line":88,"column":1}},"loc":{"start":{"line":80,"column":0},"end":{"line":88,"column":1}},"line":80},"3":{"name":"runJobcanReconcile","decl":{"start":{"line":103,"column":0},"end":{"line":168,"column":1}},"loc":{"start":{"line":103,"column":0},"end":{"line":168,"column":1}},"line":103}},"f":{"0":1,"1":18,"2":9,"3":12}}
}
